#
# There is insufficient memory for the Java Runtime Environment to continue.
# Native memory allocation (malloc) failed to allocate 32744 bytes for ChunkPool::allocate
# Possible reasons:
#   The system is out of physical RAM or swap space
#   The process is running with CompressedOops enabled, and the Java Heap may be blocking the growth of the native heap
# Possible solutions:
#   Reduce memory load on the system
#   Increase physical memory or swap space
#   Check if swap backing store is full
#   Decrease Java heap size (-Xmx/-Xms)
#   Decrease number of Java threads
#   Decrease Java thread stack sizes (-Xss)
#   Set larger code cache with -XX:ReservedCodeCacheSize=
#   JVM is running with Unscaled Compressed Oops mode in which the Java heap is
#     placed in the first 4GB address space. The Java Heap base address is the
#     maximum limit for the native heap growth. Please use -XX:HeapBaseMinAddress
#     to set the Java Heap base and to place the Java Heap above 4GB virtual address.
# This output file may be truncated or incomplete.
#
#  Out of Memory Error (allocation.cpp:272), pid=94148, tid=0x0000000000014c88
#
# JRE version: Java(TM) SE Runtime Environment (8.0_301-b09) (build 1.8.0_301-b09)
# Java VM: Java HotSpot(TM) 64-Bit Server VM (25.301-b09 mixed mode windows-amd64 compressed oops)
# Failed to write core dump. Minidumps are not enabled by default on client versions of Windows
#

---------------  T H R E A D  ---------------

Current thread (0x00000126e8b24000):  JavaThread "C2 CompilerThread0" daemon [_thread_in_native, id=85128, stack(0x0000000ec2c00000,0x0000000ec2d00000)]

Stack: [0x0000000ec2c00000,0x0000000ec2d00000]
Native frames: (J=compiled Java code, j=interpreted, Vv=VM code, C=native code)
V  [jvm.dll+0x32ed79]
V  [jvm.dll+0x275722]
V  [jvm.dll+0x2763cd]
V  [jvm.dll+0x26ce05]
V  [jvm.dll+0xd59bd]
V  [jvm.dll+0xd5d1c]
V  [jvm.dll+0xd586d]
V  [jvm.dll+0x4c656f]
V  [jvm.dll+0x48d9a1]
V  [jvm.dll+0x4421d0]
V  [jvm.dll+0x43fee4]
V  [jvm.dll+0x42ae57]
V  [jvm.dll+0xac1bb]
V  [jvm.dll+0xaa81b]
V  [jvm.dll+0x23ddc2]
V  [jvm.dll+0x2923dc]
C  [ucrtbase.dll+0x29363]
C  [KERNEL32.DLL+0x126bd]
C  [ntdll.dll+0x5dfb8]


Current CompileTask:
C2:1452550 5739       4       com.sun.prism.impl.ps.BaseShaderGraphics::drawString (819 bytes)


---------------  P R O C E S S  ---------------

Java Threads: ( => current thread )
  0x00000126eae08000 JavaThread "mysql-cj-abandoned-connection-cleanup" daemon [_thread_blocked, id=92904, stack(0x0000000ec4200000,0x0000000ec4300000)]
  0x00000126eadc7000 JavaThread "Prism Font Disposer" daemon [_thread_blocked, id=86516, stack(0x0000000ec4100000,0x0000000ec4200000)]
  0x00000126eac14800 JavaThread "Thread-3" daemon [_thread_in_native, id=29824, stack(0x0000000ec3f00000,0x0000000ec4000000)]
  0x00000126eac46800 JavaThread "JavaFX-Launcher" [_thread_blocked, id=75824, stack(0x0000000ec4000000,0x0000000ec4100000)]
  0x00000126ea994000 JavaThread "JavaFX Application Thread" [_thread_in_native, id=83208, stack(0x0000000ec3600000,0x0000000ec3700000)]
  0x00000126ea999000 JavaThread "Thread-1" daemon [_thread_blocked, id=88944, stack(0x0000000ec3500000,0x0000000ec3600000)]
  0x00000126ea902000 JavaThread "QuantumRenderer-0" daemon [_thread_blocked, id=85612, stack(0x0000000ec3200000,0x0000000ec3300000)]
  0x00000126e8b5e000 JavaThread "Service Thread" daemon [_thread_blocked, id=93612, stack(0x0000000ec3000000,0x0000000ec3100000)]
  0x00000126e8b35000 JavaThread "C1 CompilerThread3" daemon [_thread_blocked, id=88116, stack(0x0000000ec2f00000,0x0000000ec3000000)]
  0x00000126e8b2e000 JavaThread "C2 CompilerThread2" daemon [_thread_blocked, id=89224, stack(0x0000000ec2e00000,0x0000000ec2f00000)]
  0x00000126e8b2b000 JavaThread "C2 CompilerThread1" daemon [_thread_blocked, id=93320, stack(0x0000000ec2d00000,0x0000000ec2e00000)]
=>0x00000126e8b24000 JavaThread "C2 CompilerThread0" daemon [_thread_in_native, id=85128, stack(0x0000000ec2c00000,0x0000000ec2d00000)]
  0x00000126e8b23000 JavaThread "Attach Listener" daemon [_thread_blocked, id=93260, stack(0x0000000ec2b00000,0x0000000ec2c00000)]
  0x00000126e8b2a800 JavaThread "Signal Dispatcher" daemon [_thread_blocked, id=92392, stack(0x0000000ec2a00000,0x0000000ec2b00000)]
  0x00000126e8af4800 JavaThread "Finalizer" daemon [_thread_blocked, id=90432, stack(0x0000000ec2900000,0x0000000ec2a00000)]
  0x00000126e8aeb800 JavaThread "Reference Handler" daemon [_thread_blocked, id=82484, stack(0x0000000ec2800000,0x0000000ec2900000)]
  0x00000126d2f43800 JavaThread "main" [_thread_blocked, id=92344, stack(0x0000000ec1c00000,0x0000000ec1d00000)]

Other Threads:
  0x00000126e8ac4000 VMThread [stack: 0x0000000ec2700000,0x0000000ec2800000] [id=88256]
  0x00000126e8b4e800 WatcherThread [stack: 0x0000000ec3100000,0x0000000ec3200000] [id=90724]

VM state:not at safepoint (normal execution)

VM Mutex/Monitor currently owned by a thread: None

heap address: 0x00000000a2400000, size: 1500 MB, Compressed Oops mode: 32-bit
Narrow klass base: 0x0000000000000000, Narrow klass shift: 3
Compressed class space size: 1073741824 Address: 0x0000000100000000

Heap:
 PSYoungGen      total 60416K, used 11085K [0x00000000e0c00000, 0x00000000e5a00000, 0x0000000100000000)
  eden space 51200K, 4% used [0x00000000e0c00000,0x00000000e0e1b710,0x00000000e3e00000)
  from space 9216K, 96% used [0x00000000e3f80000,0x00000000e4838010,0x00000000e4880000)
  to   space 14336K, 0% used [0x00000000e4c00000,0x00000000e4c00000,0x00000000e5a00000)
 ParOldGen       total 57856K, used 27131K [0x00000000a2400000, 0x00000000a5c80000, 0x00000000e0c00000)
  object space 57856K, 46% used [0x00000000a2400000,0x00000000a3e7edf8,0x00000000a5c80000)
 Metaspace       used 27456K, capacity 28686K, committed 28928K, reserved 1075200K
  class space    used 3505K, capacity 3767K, committed 3840K, reserved 1048576K

Card table byte_map: [0x00000126e3cc0000,0x00000126e3fb0000] byte_map_base: 0x00000126e37ae000

Marking Bits: (ParMarkBitMap*) 0x0000000059807fe0
 Begin Bits: [0x00000126e41b0000, 0x00000126e5920000)
 End Bits:   [0x00000126e5920000, 0x00000126e7090000)

Polling page: 0x00000126d3100000

CodeCache: size=245760Kb used=17355Kb max_used=19663Kb free=228405Kb
 bounds [0x00000126d4900000, 0x00000126d5c50000, 0x00000126e3900000]
 total_blobs=5724 nmethods=4967 adapters=669
 compilation: enabled

Compilation events (10 events):
Event: 607.207 Thread 0x00000126e8b35000 nmethod 5734 0x00000126d506ad90 code [0x00000126d506aee0, 0x00000126d506aff8]
Event: 1178.151 Thread 0x00000126e8b35000 5735       3       sun.misc.URLClassPath$FileLoader::findResource (18 bytes)
Event: 1178.172 Thread 0x00000126e8b35000 nmethod 5735 0x00000126d4b9fb10 code [0x00000126d4b9fc80, 0x00000126d4b9ff20]
Event: 1258.323 Thread 0x00000126e8b35000 5736   !   3       com.mysql.cj.jdbc.AbandonedConnectionCleanupThread::checkThreadContextClassLoader (20 bytes)
Event: 1258.352 Thread 0x00000126e8b35000 nmethod 5736 0x00000126d4dbfc50 code [0x00000126d4dbfe80, 0x00000126d4dc0be0]
Event: 1283.364 Thread 0x00000126e8b2b000 5737       4       sun.misc.URLClassPath$JarLoader::findResource (18 bytes)
Event: 1283.375 Thread 0x00000126e8b2b000 nmethod 5737 0x00000126d4bd1790 code [0x00000126d4bd18e0, 0x00000126d4bd1988]
Event: 1450.952 Thread 0x00000126e8b2e000 5738       4       com.sun.javafx.sg.prism.NGRegion::renderBackgroundRectangleFromCache (621 bytes)
Event: 1451.118 Thread 0x00000126e8b24000 5739       4       com.sun.prism.impl.ps.BaseShaderGraphics::drawString (819 bytes)
Event: 1451.365 Thread 0x00000126e8b2e000 nmethod 5738 0x00000126d515f710 code [0x00000126d515f900, 0x00000126d5160330]

GC Heap History (10 events):
Event: 1.233 GC heap before
{Heap before GC invocations=4 (full 1):
 PSYoungGen      total 28160K, used 3301K [0x00000000e0c00000, 0x00000000e4300000, 0x0000000100000000)
  eden space 24576K, 0% used [0x00000000e0c00000,0x00000000e0c00000,0x00000000e2400000)
  from space 3584K, 92% used [0x00000000e2400000,0x00000000e2739540,0x00000000e2780000)
  to   space 3584K, 0% used [0x00000000e3f80000,0x00000000e3f80000,0x00000000e4300000)
 ParOldGen       total 64512K, used 10577K [0x00000000a2400000, 0x00000000a6300000, 0x00000000e0c00000)
  object space 64512K, 16% used [0x00000000a2400000,0x00000000a2e54690,0x00000000a6300000)
 Metaspace       used 20202K, capacity 21174K, committed 21248K, reserved 1067008K
  class space    used 2844K, capacity 3043K, committed 3072K, reserved 1048576K
Event: 1.250 GC heap after
Heap after GC invocations=4 (full 1):
 PSYoungGen      total 28160K, used 0K [0x00000000e0c00000, 0x00000000e4300000, 0x0000000100000000)
  eden space 24576K, 0% used [0x00000000e0c00000,0x00000000e0c00000,0x00000000e2400000)
  from space 3584K, 0% used [0x00000000e2400000,0x00000000e2400000,0x00000000e2780000)
  to   space 3584K, 0% used [0x00000000e3f80000,0x00000000e3f80000,0x00000000e4300000)
 ParOldGen       total 57856K, used 12227K [0x00000000a2400000, 0x00000000a5c80000, 0x00000000e0c00000)
  object space 57856K, 21% used [0x00000000a2400000,0x00000000a2ff0d20,0x00000000a5c80000)
 Metaspace       used 20202K, capacity 21174K, committed 21248K, reserved 1067008K
  class space    used 2844K, capacity 3043K, committed 3072K, reserved 1048576K
}
Event: 20.979 GC heap before
{Heap before GC invocations=5 (full 1):
 PSYoungGen      total 28160K, used 24576K [0x00000000e0c00000, 0x00000000e4300000, 0x0000000100000000)
  eden space 24576K, 100% used [0x00000000e0c00000,0x00000000e2400000,0x00000000e2400000)
  from space 3584K, 0% used [0x00000000e2400000,0x00000000e2400000,0x00000000e2780000)
  to   space 3584K, 0% used [0x00000000e3f80000,0x00000000e3f80000,0x00000000e4300000)
 ParOldGen       total 57856K, used 12227K [0x00000000a2400000, 0x00000000a5c80000, 0x00000000e0c00000)
  object space 57856K, 21% used [0x00000000a2400000,0x00000000a2ff0d20,0x00000000a5c80000)
 Metaspace       used 22844K, capacity 24002K, committed 24192K, reserved 1071104K
  class space    used 3116K, capacity 3345K, committed 3456K, reserved 1048576K
Event: 20.983 GC heap after
Heap after GC invocations=5 (full 1):
 PSYoungGen      total 39936K, used 3552K [0x00000000e0c00000, 0x00000000e4300000, 0x0000000100000000)
  eden space 36352K, 0% used [0x00000000e0c00000,0x00000000e0c00000,0x00000000e2f80000)
  from space 3584K, 99% used [0x00000000e3f80000,0x00000000e42f8010,0x00000000e4300000)
  to   space 3584K, 0% used [0x00000000e3c00000,0x00000000e3c00000,0x00000000e3f80000)
 ParOldGen       total 57856K, used 17363K [0x00000000a2400000, 0x00000000a5c80000, 0x00000000e0c00000)
  object space 57856K, 30% used [0x00000000a2400000,0x00000000a34f4e70,0x00000000a5c80000)
 Metaspace       used 22844K, capacity 24002K, committed 24192K, reserved 1071104K
  class space    used 3116K, capacity 3345K, committed 3456K, reserved 1048576K
}
Event: 22.081 GC heap before
{Heap before GC invocations=6 (full 1):
 PSYoungGen      total 39936K, used 39904K [0x00000000e0c00000, 0x00000000e4300000, 0x0000000100000000)
  eden space 36352K, 100% used [0x00000000e0c00000,0x00000000e2f80000,0x00000000e2f80000)
  from space 3584K, 99% used [0x00000000e3f80000,0x00000000e42f8010,0x00000000e4300000)
  to   space 3584K, 0% used [0x00000000e3c00000,0x00000000e3c00000,0x00000000e3f80000)
 ParOldGen       total 57856K, used 17363K [0x00000000a2400000, 0x00000000a5c80000, 0x00000000e0c00000)
  object space 57856K, 30% used [0x00000000a2400000,0x00000000a34f4e70,0x00000000a5c80000)
 Metaspace       used 26275K, capacity 27436K, committed 27520K, reserved 1073152K
  class space    used 3461K, capacity 3710K, committed 3712K, reserved 1048576K
Event: 22.086 GC heap after
Heap after GC invocations=6 (full 1):
 PSYoungGen      total 52736K, used 3552K [0x00000000e0c00000, 0x00000000e5e80000, 0x0000000100000000)
  eden space 49152K, 0% used [0x00000000e0c00000,0x00000000e0c00000,0x00000000e3c00000)
  from space 3584K, 99% used [0x00000000e3c00000,0x00000000e3f78010,0x00000000e3f80000)
  to   space 16384K, 0% used [0x00000000e4e80000,0x00000000e4e80000,0x00000000e5e80000)
 ParOldGen       total 57856K, used 27115K [0x00000000a2400000, 0x00000000a5c80000, 0x00000000e0c00000)
  object space 57856K, 46% used [0x00000000a2400000,0x00000000a3e7adf8,0x00000000a5c80000)
 Metaspace       used 26275K, capacity 27436K, committed 27520K, reserved 1073152K
  class space    used 3461K, capacity 3710K, committed 3712K, reserved 1048576K
}
Event: 26.322 GC heap before
{Heap before GC invocations=7 (full 1):
 PSYoungGen      total 52736K, used 52704K [0x00000000e0c00000, 0x00000000e5e80000, 0x0000000100000000)
  eden space 49152K, 100% used [0x00000000e0c00000,0x00000000e3c00000,0x00000000e3c00000)
  from space 3584K, 99% used [0x00000000e3c00000,0x00000000e3f78010,0x00000000e3f80000)
  to   space 16384K, 0% used [0x00000000e4e80000,0x00000000e4e80000,0x00000000e5e80000)
 ParOldGen       total 57856K, used 27115K [0x00000000a2400000, 0x00000000a5c80000, 0x00000000e0c00000)
  object space 57856K, 46% used [0x00000000a2400000,0x00000000a3e7adf8,0x00000000a5c80000)
 Metaspace       used 27189K, capacity 28396K, committed 28672K, reserved 1075200K
  class space    used 3497K, capacity 3760K, committed 3840K, reserved 1048576K
Event: 26.326 GC heap after
Heap after GC invocations=7 (full 1):
 PSYoungGen      total 69120K, used 8576K [0x00000000e0c00000, 0x00000000e6b80000, 0x0000000100000000)
  eden space 52736K, 0% used [0x00000000e0c00000,0x00000000e0c00000,0x00000000e3f80000)
  from space 16384K, 52% used [0x00000000e4e80000,0x00000000e56e0010,0x00000000e5e80000)
  to   space 15360K, 0% used [0x00000000e3f80000,0x00000000e3f80000,0x00000000e4e80000)
 ParOldGen       total 57856K, used 27123K [0x00000000a2400000, 0x00000000a5c80000, 0x00000000e0c00000)
  object space 57856K, 46% used [0x00000000a2400000,0x00000000a3e7cdf8,0x00000000a5c80000)
 Metaspace       used 27189K, capacity 28396K, committed 28672K, reserved 1075200K
  class space    used 3497K, capacity 3760K, committed 3840K, reserved 1048576K
}
Event: 171.473 GC heap before
{Heap before GC invocations=8 (full 1):
 PSYoungGen      total 69120K, used 61312K [0x00000000e0c00000, 0x00000000e6b80000, 0x0000000100000000)
  eden space 52736K, 100% used [0x00000000e0c00000,0x00000000e3f80000,0x00000000e3f80000)
  from space 16384K, 52% used [0x00000000e4e80000,0x00000000e56e0010,0x00000000e5e80000)
  to   space 15360K, 0% used [0x00000000e3f80000,0x00000000e3f80000,0x00000000e4e80000)
 ParOldGen       total 57856K, used 27123K [0x00000000a2400000, 0x00000000a5c80000, 0x00000000e0c00000)
  object space 57856K, 46% used [0x00000000a2400000,0x00000000a3e7cdf8,0x00000000a5c80000)
 Metaspace       used 27447K, capacity 28686K, committed 28928K, reserved 1075200K
  class space    used 3505K, capacity 3767K, committed 3840K, reserved 1048576K
Event: 171.523 GC heap after
Heap after GC invocations=8 (full 1):
 PSYoungGen      total 60416K, used 8928K [0x00000000e0c00000, 0x00000000e5a00000, 0x0000000100000000)
  eden space 51200K, 0% used [0x00000000e0c00000,0x00000000e0c00000,0x00000000e3e00000)
  from space 9216K, 96% used [0x00000000e3f80000,0x00000000e4838010,0x00000000e4880000)
  to   space 14336K, 0% used [0x00000000e4c00000,0x00000000e4c00000,0x00000000e5a00000)
 ParOldGen       total 57856K, used 27131K [0x00000000a2400000, 0x00000000a5c80000, 0x00000000e0c00000)
  object space 57856K, 46% used [0x00000000a2400000,0x00000000a3e7edf8,0x00000000a5c80000)
 Metaspace       used 27447K, capacity 28686K, committed 28928K, reserved 1075200K
  class space    used 3505K, capacity 3767K, committed 3840K, reserved 1048576K
}

Deoptimization events (10 events):
Event: 28.353 Thread 0x00000126ea994000 Uncommon trap: reason=class_check action=maybe_recompile pc=0x00000126d5a555f0 method=javafx.scene.Parent.impl_updatePeer()V @ 210
Event: 28.762 Thread 0x00000126ea994000 Uncommon trap: reason=unstable_if action=reinterpret pc=0x00000126d58eb86c method=com.sun.javafx.text.GlyphLayout.breakRuns(Lcom/sun/javafx/text/PrismTextLayout;[CI)I @ 295
Event: 28.769 Thread 0x00000126ea902000 Uncommon trap: reason=unstable_if action=reinterpret pc=0x00000126d5aa99e4 method=com.sun.javafx.sg.prism.NGText.renderText(Lcom/sun/prism/Graphics;Lcom/sun/javafx/font/FontStrike;Lcom/sun/javafx/geom/BaseBounds;Lcom/sun/prism/paint/Color;I)V @ 155
Event: 28.770 Thread 0x00000126ea902000 Uncommon trap: reason=unstable_if action=reinterpret pc=0x00000126d5ac400c method=com.sun.prism.impl.ps.BaseShaderGraphics.initLCDSampleRT()V @ 4
Event: 28.817 Thread 0x00000126ea902000 Uncommon trap: reason=unstable_if action=reinterpret pc=0x00000126d5ab50b8 method=com.sun.prism.impl.ps.BaseShaderGraphics.initLCDSampleRT()V @ 4
Event: 35.146 Thread 0x00000126ea994000 Uncommon trap: reason=unstable_if action=reinterpret pc=0x00000126d5a9b760 method=javafx.scene.Node$LazyBoundsProperty.invalidate()V @ 4
Event: 39.229 Thread 0x00000126ea994000 Uncommon trap: reason=unstable_if action=reinterpret pc=0x00000126d5be7a74 method=javafx.scene.Node.updateLocalBounds()V @ 11
Event: 39.230 Thread 0x00000126ea902000 Uncommon trap: reason=unstable_if action=reinterpret pc=0x00000126d4e13324 method=com.sun.javafx.sg.prism.NGNode.computeNodeRenderRoot(Lcom/sun/javafx/sg/prism/NodePath;Lcom/sun/javafx/geom/RectBounds;ILcom/sun/javafx/geom/transform/BaseTransform;Lcom/sun
Event: 39.230 Thread 0x00000126ea902000 Uncommon trap: reason=unstable_if action=reinterpret pc=0x00000126d4b61c44 method=com.sun.javafx.sg.prism.NGNode.computeNodeRenderRoot(Lcom/sun/javafx/sg/prism/NodePath;Lcom/sun/javafx/geom/RectBounds;ILcom/sun/javafx/geom/transform/BaseTransform;Lcom/sun
Event: 39.230 Thread 0x00000126ea902000 Uncommon trap: reason=unstable_if action=reinterpret pc=0x00000126d4e13340 method=com.sun.javafx.sg.prism.NGNode.checkBoundsInQuad(Lcom/sun/javafx/geom/RectBounds;Lcom/sun/javafx/geom/RectBounds;Lcom/sun/javafx/geom/transform/BaseTransform;Lcom/sun/javafx

Classes redefined (0 events):
No events

Internal exceptions (10 events):
Event: 0.539 Thread 0x00000126ea994000 Exception <a 'java/io/FileNotFoundException'> (0x00000000e1f91440) thrown at [C:\jenkins\workspace\8-2-build-windows-amd64-cygwin\jdk8u301\1513\hotspot\src\share\vm\prims\jni.cpp, line 710]
Event: 0.548 Thread 0x00000126ea994000 Exception <a 'java/io/FileNotFoundException'> (0x00000000e1feba38) thrown at [C:\jenkins\workspace\8-2-build-windows-amd64-cygwin\jdk8u301\1513\hotspot\src\share\vm\prims\jni.cpp, line 710]
Event: 0.650 Thread 0x00000126ea994000 Implicit null exception at 0x00000126d4bd9b14 to 0x00000126d4bd9eb9
Event: 0.907 Thread 0x00000126ea994000 Implicit null exception at 0x00000126d4bee435 to 0x00000126d4bee651
Event: 0.907 Thread 0x00000126ea994000 Implicit null exception at 0x00000126d4c5f558 to 0x00000126d4c5f5e6
Event: 1.281 Thread 0x00000126ea994000 Implicit null exception at 0x00000126d4e3de6b to 0x00000126d4e3e3f1
Event: 22.104 Thread 0x00000126ea994000 Implicit null exception at 0x00000126d519d9a0 to 0x00000126d51a111d
Event: 22.108 Thread 0x00000126ea994000 Implicit null exception at 0x00000126d50c446f to 0x00000126d50c5915
Event: 28.244 Thread 0x00000126ea994000 Implicit null exception at 0x00000126d5ab1dbe to 0x00000126d5ab1f0f
Event: 39.229 Thread 0x00000126ea994000 Implicit null exception at 0x00000126d5be4575 to 0x00000126d5be7a59

Events (10 events):
Event: 1283.387 Thread 0x00000126e8b2b000 flushing nmethod 0x00000126d5378650
Event: 1283.387 Thread 0x00000126e8b2b000 flushing nmethod 0x00000126d5379210
Event: 1283.387 Thread 0x00000126e8b2b000 flushing nmethod 0x00000126d5379d50
Event: 1283.387 Thread 0x00000126e8b2b000 flushing nmethod 0x00000126d537c810
Event: 1283.387 Thread 0x00000126e8b2b000 flushing nmethod 0x00000126d537d6d0
Event: 1283.387 Thread 0x00000126e8b2b000 flushing nmethod 0x00000126d537e190
Event: 1283.388 Thread 0x00000126e8b2b000 flushing nmethod 0x00000126d5382250
Event: 1283.389 Thread 0x00000126e8b2b000 flushing nmethod 0x00000126d5390590
Event: 1283.396 Thread 0x00000126e8b2b000 flushing nmethod 0x00000126d541f710
Event: 1451.601 Thread 0x00000126e8b2e000 flushing nmethod 0x00000126d54ae490


Dynamic libraries:
0x00007ff6b2f00000 - 0x00007ff6b2f47000 	C:\Program Files\Java\jdk1.8.0_301\bin\java.exe
0x00007ff848710000 - 0x00007ff848924000 	C:\WINDOWS\SYSTEM32\ntdll.dll
0x00007ff846c90000 - 0x00007ff846d53000 	C:\WINDOWS\System32\KERNEL32.DLL
0x00007ff845ec0000 - 0x00007ff84625c000 	C:\WINDOWS\System32\KERNELBASE.dll
0x00007ff846be0000 - 0x00007ff846c8e000 	C:\WINDOWS\System32\ADVAPI32.dll
0x00007ff846e10000 - 0x00007ff846eb7000 	C:\WINDOWS\System32\msvcrt.dll
0x00007ff846d60000 - 0x00007ff846e04000 	C:\WINDOWS\System32\sechost.dll
0x00007ff8485b0000 - 0x00007ff8486c5000 	C:\WINDOWS\System32\RPCRT4.dll
0x00007ff848170000 - 0x00007ff84831d000 	C:\WINDOWS\System32\USER32.dll
0x00007ff8463d0000 - 0x00007ff8463f6000 	C:\WINDOWS\System32\win32u.dll
0x00007ff846ec0000 - 0x00007ff846ee9000 	C:\WINDOWS\System32\GDI32.dll
0x00007ff845b50000 - 0x00007ff845c62000 	C:\WINDOWS\System32\gdi32full.dll
0x00007ff845e20000 - 0x00007ff845eba000 	C:\WINDOWS\System32\msvcp_win.dll
0x00007ff846400000 - 0x00007ff846511000 	C:\WINDOWS\System32\ucrtbase.dll
0x00007ff82d350000 - 0x00007ff82d5de000 	C:\WINDOWS\WinSxS\amd64_microsoft.windows.common-controls_6595b64144ccf1df_6.0.22621.608_none_a9444ca7c10bb01d\COMCTL32.dll
0x00007ff847da0000 - 0x00007ff847dd2000 	C:\WINDOWS\System32\IMM32.DLL
0x00007ff82dd60000 - 0x00007ff82dd75000 	C:\Program Files\Java\jdk1.8.0_301\jre\bin\vcruntime140.dll
0x00007ff81c510000 - 0x00007ff81c5ab000 	C:\Program Files\Java\jdk1.8.0_301\jre\bin\msvcp140.dll
0x0000000059020000 - 0x0000000059880000 	C:\Program Files\Java\jdk1.8.0_301\jre\bin\server\jvm.dll
0x00007ff848430000 - 0x00007ff848438000 	C:\WINDOWS\System32\PSAPI.DLL
0x00007ff83fb50000 - 0x00007ff83fb59000 	C:\WINDOWS\SYSTEM32\WSOCK32.dll
0x00007ff83d350000 - 0x00007ff83d35a000 	C:\WINDOWS\SYSTEM32\VERSION.dll
0x00007ff847d20000 - 0x00007ff847d91000 	C:\WINDOWS\System32\WS2_32.dll
0x00007ff83ebc0000 - 0x00007ff83ebf4000 	C:\WINDOWS\SYSTEM32\WINMM.dll
0x00007ff844b60000 - 0x00007ff844b78000 	C:\WINDOWS\SYSTEM32\kernel.appcore.dll
0x00007ff83fb40000 - 0x00007ff83fb50000 	C:\Program Files\Java\jdk1.8.0_301\jre\bin\verify.dll
0x00007ff82dcf0000 - 0x00007ff82dd1b000 	C:\Program Files\Java\jdk1.8.0_301\jre\bin\java.dll
0x00007ff82cfe0000 - 0x00007ff82cff8000 	C:\Program Files\Java\jdk1.8.0_301\jre\bin\zip.dll
0x00007ff846f80000 - 0x00007ff84776f000 	C:\WINDOWS\System32\SHELL32.dll
0x00007ff843b20000 - 0x00007ff8443e8000 	C:\WINDOWS\SYSTEM32\windows.storage.dll
0x00007ff847de0000 - 0x00007ff84816a000 	C:\WINDOWS\System32\combase.dll
0x00007ff8439e0000 - 0x00007ff843b1e000 	C:\WINDOWS\SYSTEM32\wintypes.dll
0x00007ff848440000 - 0x00007ff848531000 	C:\WINDOWS\System32\SHCORE.dll
0x00007ff8477f0000 - 0x00007ff84784e000 	C:\WINDOWS\System32\shlwapi.dll
0x00007ff845a80000 - 0x00007ff845aa1000 	C:\WINDOWS\SYSTEM32\profapi.dll
0x00000126eb080000 - 0x00000126eb083000 	C:\Program Files\Java\jdk1.8.0_301\jre\bin\api-ms-win-core-console-l1-1-0.dll
0x00000126eb090000 - 0x00000126eb093000 	C:\Program Files\Java\jdk1.8.0_301\jre\bin\api-ms-win-core-console-l1-2-0.dll
0x00000126eb0a0000 - 0x00000126eb0a3000 	C:\Program Files\Java\jdk1.8.0_301\jre\bin\api-ms-win-core-datetime-l1-1-0.dll
0x00000126eb0b0000 - 0x00000126eb0b3000 	C:\Program Files\Java\jdk1.8.0_301\jre\bin\api-ms-win-core-debug-l1-1-0.dll
0x00000126eb0c0000 - 0x00000126eb0c3000 	C:\Program Files\Java\jdk1.8.0_301\jre\bin\api-ms-win-core-errorhandling-l1-1-0.dll
0x00000126eb0d0000 - 0x00000126eb0d4000 	C:\Program Files\Java\jdk1.8.0_301\jre\bin\api-ms-win-core-file-l1-1-0.dll
0x00000126eb0e0000 - 0x00000126eb0e3000 	C:\Program Files\Java\jdk1.8.0_301\jre\bin\api-ms-win-core-file-l1-2-0.dll
0x00000126eb0f0000 - 0x00000126eb0f3000 	C:\Program Files\Java\jdk1.8.0_301\jre\bin\api-ms-win-core-file-l2-1-0.dll
0x00000126eb100000 - 0x00000126eb103000 	C:\Program Files\Java\jdk1.8.0_301\jre\bin\api-ms-win-core-handle-l1-1-0.dll
0x00000126eb110000 - 0x00000126eb113000 	C:\Program Files\Java\jdk1.8.0_301\jre\bin\api-ms-win-core-heap-l1-1-0.dll
0x00000126eb120000 - 0x00000126eb123000 	C:\Program Files\Java\jdk1.8.0_301\jre\bin\api-ms-win-core-interlocked-l1-1-0.dll
0x00000126eb130000 - 0x00000126eb133000 	C:\Program Files\Java\jdk1.8.0_301\jre\bin\api-ms-win-core-libraryloader-l1-1-0.dll
0x00000126eb140000 - 0x00000126eb143000 	C:\Program Files\Java\jdk1.8.0_301\jre\bin\api-ms-win-core-localization-l1-2-0.dll
0x00000126eb150000 - 0x00000126eb153000 	C:\Program Files\Java\jdk1.8.0_301\jre\bin\api-ms-win-core-memory-l1-1-0.dll
0x00000126eb160000 - 0x00000126eb163000 	C:\Program Files\Java\jdk1.8.0_301\jre\bin\api-ms-win-core-namedpipe-l1-1-0.dll
0x00000126eb170000 - 0x00000126eb173000 	C:\Program Files\Java\jdk1.8.0_301\jre\bin\api-ms-win-core-processenvironment-l1-1-0.dll
0x00000126eb180000 - 0x00000126eb183000 	C:\Program Files\Java\jdk1.8.0_301\jre\bin\api-ms-win-core-processthreads-l1-1-0.dll
0x00000126eb190000 - 0x00000126eb193000 	C:\Program Files\Java\jdk1.8.0_301\jre\bin\api-ms-win-core-processthreads-l1-1-1.dll
0x00000126eb1a0000 - 0x00000126eb1a3000 	C:\Program Files\Java\jdk1.8.0_301\jre\bin\api-ms-win-core-profile-l1-1-0.dll
0x00000126eb1b0000 - 0x00000126eb1b3000 	C:\Program Files\Java\jdk1.8.0_301\jre\bin\api-ms-win-core-rtlsupport-l1-1-0.dll
0x00000126eb1c0000 - 0x00000126eb1c3000 	C:\Program Files\Java\jdk1.8.0_301\jre\bin\api-ms-win-core-string-l1-1-0.dll
0x00000126eb1d0000 - 0x00000126eb1d3000 	C:\Program Files\Java\jdk1.8.0_301\jre\bin\api-ms-win-core-synch-l1-1-0.dll
0x00000126eb1e0000 - 0x00000126eb1e3000 	C:\Program Files\Java\jdk1.8.0_301\jre\bin\api-ms-win-core-synch-l1-2-0.dll
0x00000126eb1f0000 - 0x00000126eb1f3000 	C:\Program Files\Java\jdk1.8.0_301\jre\bin\api-ms-win-core-sysinfo-l1-1-0.dll
0x00000126eb200000 - 0x00000126eb203000 	C:\Program Files\Java\jdk1.8.0_301\jre\bin\api-ms-win-core-timezone-l1-1-0.dll
0x00000126eb210000 - 0x00000126eb213000 	C:\Program Files\Java\jdk1.8.0_301\jre\bin\api-ms-win-core-util-l1-1-0.dll
0x00000126eb220000 - 0x00000126eb223000 	C:\Program Files\Java\jdk1.8.0_301\jre\bin\api-ms-win-crt-conio-l1-1-0.dll
0x00000126eb230000 - 0x00000126eb234000 	C:\Program Files\Java\jdk1.8.0_301\jre\bin\api-ms-win-crt-convert-l1-1-0.dll
0x00000126eb240000 - 0x00000126eb243000 	C:\Program Files\Java\jdk1.8.0_301\jre\bin\api-ms-win-crt-environment-l1-1-0.dll
0x00000126eb250000 - 0x00000126eb253000 	C:\Program Files\Java\jdk1.8.0_301\jre\bin\api-ms-win-crt-filesystem-l1-1-0.dll
0x00000126eb260000 - 0x00000126eb263000 	C:\Program Files\Java\jdk1.8.0_301\jre\bin\api-ms-win-crt-heap-l1-1-0.dll
0x00000126eb270000 - 0x00000126eb273000 	C:\Program Files\Java\jdk1.8.0_301\jre\bin\api-ms-win-crt-locale-l1-1-0.dll
0x00000126eb280000 - 0x00000126eb285000 	C:\Program Files\Java\jdk1.8.0_301\jre\bin\api-ms-win-crt-math-l1-1-0.dll
0x00000126eb290000 - 0x00000126eb295000 	C:\Program Files\Java\jdk1.8.0_301\jre\bin\api-ms-win-crt-multibyte-l1-1-0.dll
0x00000126eb2a0000 - 0x00000126eb2b0000 	C:\Program Files\Java\jdk1.8.0_301\jre\bin\api-ms-win-crt-private-l1-1-0.dll
0x00000126eb2b0000 - 0x00000126eb2b3000 	C:\Program Files\Java\jdk1.8.0_301\jre\bin\api-ms-win-crt-process-l1-1-0.dll
0x00000126eb2c0000 - 0x00000126eb2c4000 	C:\Program Files\Java\jdk1.8.0_301\jre\bin\api-ms-win-crt-runtime-l1-1-0.dll
0x00000126eb2d0000 - 0x00000126eb2d4000 	C:\Program Files\Java\jdk1.8.0_301\jre\bin\api-ms-win-crt-stdio-l1-1-0.dll
0x00000126eb2e0000 - 0x00000126eb2e4000 	C:\Program Files\Java\jdk1.8.0_301\jre\bin\api-ms-win-crt-string-l1-1-0.dll
0x00000126eb2f0000 - 0x00000126eb2f3000 	C:\Program Files\Java\jdk1.8.0_301\jre\bin\api-ms-win-crt-time-l1-1-0.dll
0x00000126eb300000 - 0x00000126eb303000 	C:\Program Files\Java\jdk1.8.0_301\jre\bin\api-ms-win-crt-utility-l1-1-0.dll
0x00007ff806ab0000 - 0x00007ff806baa000 	C:\Program Files\Java\jdk1.8.0_301\jre\bin\ucrtbase.dll
0x00007ff83e6b0000 - 0x00007ff83e6bc000 	C:\Program Files\Java\jdk1.8.0_301\jre\bin\vcruntime140_1.dll
0x00007ff82a400000 - 0x00007ff82a423000 	C:\Program Files\Java\jdk1.8.0_301\jre\bin\prism_d3d.dll
0x00007ff829180000 - 0x00007ff829329000 	C:\WINDOWS\system32\d3d9.dll
0x00007ff843020000 - 0x00007ff84304b000 	C:\WINDOWS\SYSTEM32\dwmapi.dll
0x00007ff842ec0000 - 0x00007ff842ef6000 	C:\WINDOWS\SYSTEM32\dxcore.dll
0x00007ff842db0000 - 0x00007ff842e5b000 	C:\WINDOWS\system32\uxtheme.dll
0x00007ff83b200000 - 0x00007ff83b3bb000 	C:\WINDOWS\System32\DriverStore\FileRepository\u0383722.inf_amd64_5cbaacf42cbd3812\B383240\aticfx64.dll
0x00007fffd0f70000 - 0x00007fffd0fa4000 	C:\WINDOWS\System32\DriverStore\FileRepository\u0383722.inf_amd64_5cbaacf42cbd3812\B383240\atiu9p64.dll
0x00007fffbf0d0000 - 0x00007fffbfe25000 	C:\WINDOWS\System32\DriverStore\FileRepository\u0383722.inf_amd64_5cbaacf42cbd3812\B383240\atiumd64.dll
0x00007ff846600000 - 0x00007ff84679c000 	C:\WINDOWS\System32\ole32.dll
0x00007ff843620000 - 0x00007ff84384e000 	C:\WINDOWS\SYSTEM32\dbghelp.dll
0x00007ff846520000 - 0x00007ff8465f7000 	C:\WINDOWS\System32\OLEAUT32.dll
0x00007ff83a9b0000 - 0x00007ff83a9e2000 	C:\WINDOWS\SYSTEM32\dbgcore.DLL
0x00000000578e0000 - 0x0000000058807000 	C:\WINDOWS\System32\DriverStore\FileRepository\u0383722.inf_amd64_5cbaacf42cbd3812\B383240\atiumd6a.dll
0x00007ff8478a0000 - 0x00007ff847d1a000 	C:\WINDOWS\System32\SETUPAPI.dll
0x00007ff845a20000 - 0x00007ff845a6d000 	C:\WINDOWS\SYSTEM32\POWRPROF.dll
0x00007ff845a00000 - 0x00007ff845a13000 	C:\WINDOWS\SYSTEM32\UMPDC.dll
0x00007ff83b1c0000 - 0x00007ff83b1f5000 	C:\WINDOWS\SYSTEM32\amdihk64.dll
0x00007ff83f590000 - 0x00007ff83f5d9000 	C:\WINDOWS\SYSTEM32\directxdatabasehelper.dll
0x00007ff8297a0000 - 0x00007ff8297e2000 	C:\Program Files\Java\jdk1.8.0_301\jre\bin\glass.dll
0x00007ff848330000 - 0x00007ff848427000 	C:\WINDOWS\System32\COMDLG32.dll
0x00007ff812a50000 - 0x00007ff812b89000 	C:\ProgramData\A-Volute\A-Volute.Nahimic\Modules\Scheduled\x64\AudioDevProps2.dll
0x00007ff846870000 - 0x00007ff84698e000 	C:\WINDOWS\System32\MSCTF.dll
0x00007ff845da0000 - 0x00007ff845e1b000 	C:\WINDOWS\System32\bcryptPrimitives.dll
0x00007ff83e5d0000 - 0x00007ff83e5e4000 	C:\Program Files\Java\jdk1.8.0_301\jre\bin\javafx_font.dll
0x00007ff8417f0000 - 0x00007ff841a57000 	C:\WINDOWS\SYSTEM32\dwrite.dll
0x00007ff82c080000 - 0x00007ff82c09c000 	C:\Program Files\Java\jdk1.8.0_301\jre\bin\net.dll
0x00007ff844fc0000 - 0x00007ff845029000 	C:\WINDOWS\system32\mswsock.dll
0x00007ff8446b0000 - 0x00007ff8447a3000 	C:\WINDOWS\SYSTEM32\DNSAPI.dll
0x00007ff844640000 - 0x00007ff84466d000 	C:\WINDOWS\SYSTEM32\IPHLPAPI.DLL
0x00007ff848320000 - 0x00007ff848329000 	C:\WINDOWS\System32\NSI.dll
0x00007ff839190000 - 0x00007ff83919a000 	C:\Windows\System32\rasadhlp.dll
0x00007ff83d690000 - 0x00007ff83d713000 	C:\WINDOWS\System32\fwpuclnt.dll
0x00007ff8467c0000 - 0x00007ff846870000 	C:\WINDOWS\System32\clbcatq.dll
0x00007ff841640000 - 0x00007ff8417f0000 	C:\WINDOWS\SYSTEM32\WindowsCodecs.dll
0x00007ff8279a0000 - 0x00007ff8279fe000 	C:\WINDOWS\system32\dataexchange.dll
0x00007ff83c1c0000 - 0x00007ff83c42a000 	C:\WINDOWS\system32\twinapi.appcore.dll
0x00007ff81d0a0000 - 0x00007ff81d0d2000 	C:\Program Files\Common Files\Microsoft Shared\Ink\rtscom.dll
0x00007ff81ee10000 - 0x00007ff81ef3d000 	C:\WINDOWS\SYSTEM32\textinputframework.dll
0x00007ff842900000 - 0x00007ff842a33000 	C:\WINDOWS\SYSTEM32\CoreMessaging.dll
0x00007ff83e810000 - 0x00007ff83eb7c000 	C:\WINDOWS\SYSTEM32\CoreUIComponents.dll
0x00007ff845210000 - 0x00007ff84521c000 	C:\WINDOWS\SYSTEM32\CRYPTBASE.DLL
0x00007ff8451f0000 - 0x00007ff84520b000 	C:\WINDOWS\SYSTEM32\CRYPTSP.dll
0x00007ff844ad0000 - 0x00007ff844b05000 	C:\WINDOWS\system32\rsaenh.dll
0x00007ff845070000 - 0x00007ff845098000 	C:\WINDOWS\SYSTEM32\USERENV.dll
0x00007ff845420000 - 0x00007ff845448000 	C:\WINDOWS\SYSTEM32\bcrypt.dll
0x00007ff83f2e0000 - 0x00007ff83f2f9000 	C:\WINDOWS\SYSTEM32\dhcpcsvc6.DLL
0x00007ff83f2c0000 - 0x00007ff83f2df000 	C:\WINDOWS\SYSTEM32\dhcpcsvc.DLL
0x00007ff82b6a0000 - 0x00007ff82b6b3000 	C:\Program Files\Java\jdk1.8.0_301\jre\bin\nio.dll
0x00007ff830140000 - 0x00007ff830152000 	C:\Program Files\Java\jdk1.8.0_301\jre\bin\prism_common.dll
0x00007ff841cc0000 - 0x00007ff842281000 	C:\WINDOWS\SYSTEM32\d2d1.dll

VM Arguments:
jvm_args: -Dfile.encoding=UTF-8 
java_command: main.MainGUI
java_class_path (initial): C:\Users\Karim\OneDrive\Documents\Ines\pidev\Library\fontawesomefx-8.9.jar;C:\Users\Karim\OneDrive\Documents\Ines\pidev\Library\fontawesomefx-glyphsbrowser-all-1.0.jar;C:\Users\Karim\OneDrive\Documents\Ines\pidev\Library\jfoenix-8.0.1.jar;C:\Users\Karim\OneDrive\Documents\Ines\pidev\Library\junit-4.13.2.jar;C:\Users\Karim\OneDrive\Documents\Ines\pidev\Library\mysql-connector-java-8.0.19.jar;C:\Users\Karim\OneDrive\Documents\Ines\pidev\Library\com.fasterxml.jackson.databind.jar;C:\Users\Karim\OneDrive\Documents\Ines\pidev\Library\jackson-mapper-asl.jar;C:\Users\Karim\OneDrive\Documents\Ines\pidev\Library\l;C:\Users\Karim\OneDrive\Documents\Ines\pidev\Library\l\jackson-annotations-2.14.2.jar;C:\Users\Karim\OneDrive\Documents\Ines\pidev\Library\l\jackson-core-2.14.2.jar;C:\Users\Karim\OneDrive\Documents\Ines\pidev\Library\l\jackson-databind-2.14.2.jar;C:\Users\Karim\OneDrive\Documents\Ines\pidev\Library\l\mail-1.4.jar;C:\Users\Karim\OneDrive\Documents\NetBeansProjects\GestionOffreV19_4\build\classes
Launcher Type: SUN_STANDARD

Environment Variables:
JAVA_HOME=C:\Program Files\Java\jdk1.8.0_301
PATH=C:\oraclexe\app\oracle\product\10.2.0\server\bin;C:\Program Files (x86)\Common Files\Oracle\Java\javapath;C:\Windows\system32;C:\Windows;C:\Windows\System32\Wbem;C:\Windows\System32\WindowsPowerShell\v1.0\;C:\Windows\System32\OpenSSH\;C:\Program Files (x86)\NVIDIA Corporation\PhysX\Common;C:\Program Files\NVIDIA Corporation\NVIDIA NvDLISR;C:\WINDOWS\system32;C:\WINDOWS;C:\WINDOWS\System32\Wbem;C:\WINDOWS\System32\WindowsPowerShell\v1.0\;C:\WINDOWS\System32\OpenSSH\;C:\Program Files\Git\cmd;C:\Program Files (x86)\GnuWin32\bin;C:\Program Files (x86)\CodeBlocks\MinGW\bin;C:\Users\Karim\AppData\Local\Microsoft\WindowsApps;;C:\Users\Karim\AppData\Local\Programs\Microsoft VS Code\bin
USERNAME=Karim
OS=Windows_NT
PROCESSOR_IDENTIFIER=AMD64 Family 25 Model 80 Stepping 0, AuthenticAMD



---------------  S Y S T E M  ---------------

OS: Windows 10.0 , 64 bit Build 22621 (10.0.22621.1194)

CPU:total 12 (initial active 12) (12 cores per cpu, 1 threads per core) family 25 model 80 stepping 0, cmov, cx8, fxsr, mmx, sse, sse2, sse3, ssse3, sse4.1, sse4.2, popcnt, avx, avx2, aes, clmul, erms, mmxext, 3dnowpref, lzcnt, sse4a, tsc, tscinvbit, tscinv, bmi1

Memory: 4k page, physical 6139972k(100300k free), swap 25014340k(6976k free)

vm_info: Java HotSpot(TM) 64-Bit Server VM (25.301-b09) for windows-amd64 JRE (1.8.0_301-b09), built on Jun  9 2021 06:46:21 by "java_re" with MS VC++ 15.9 (VS2017)

time: Wed Mar  8 14:32:00 2023
timezone: Paris, Madrid
elapsed time: 1452.578258 seconds (0d 0h 24m 12s)

