#
# There is insufficient memory for the Java Runtime Environment to continue.
# Native memory allocation (malloc) failed to allocate 32744 bytes for ChunkPool::allocate
# Possible reasons:
#   The system is out of physical RAM or swap space
#   The process is running with CompressedOops enabled, and the Java Heap may be blocking the growth of the native heap
# Possible solutions:
#   Reduce memory load on the system
#   Increase physical memory or swap space
#   Check if swap backing store is full
#   Decrease Java heap size (-Xmx/-Xms)
#   Decrease number of Java threads
#   Decrease Java thread stack sizes (-Xss)
#   Set larger code cache with -XX:ReservedCodeCacheSize=
#   JVM is running with Unscaled Compressed Oops mode in which the Java heap is
#     placed in the first 4GB address space. The Java Heap base address is the
#     maximum limit for the native heap growth. Please use -XX:HeapBaseMinAddress
#     to set the Java Heap base and to place the Java Heap above 4GB virtual address.
# This output file may be truncated or incomplete.
#
#  Out of Memory Error (allocation.cpp:272), pid=93984, tid=0x0000000000016a24
#
# JRE version: Java(TM) SE Runtime Environment (8.0_301-b09) (build 1.8.0_301-b09)
# Java VM: Java HotSpot(TM) 64-Bit Server VM (25.301-b09 mixed mode windows-amd64 compressed oops)
# Failed to write core dump. Minidumps are not enabled by default on client versions of Windows
#

---------------  T H R E A D  ---------------

Current thread (0x000001bb1e8c9800):  JavaThread "C1 CompilerThread3" daemon [_thread_in_native, id=92708, stack(0x0000008e03900000,0x0000008e03a00000)]

Stack: [0x0000008e03900000,0x0000008e03a00000]
Native frames: (J=compiled Java code, j=interpreted, Vv=VM code, C=native code)
V  [jvm.dll+0x32ed79]


Current CompileTask:
C1:1354416 4938       3      
[error occurred during error reporting (printing current compile task), id 0xe0000001]


---------------  P R O C E S S  ---------------

Java Threads: ( => current thread )
  0x000001bb20acf800 JavaThread "mysql-cj-abandoned-connection-cleanup" daemon [_thread_blocked, id=86308, stack(0x0000008e04c00000,0x0000008e04d00000)]
  0x000001bb20b48000 JavaThread "Prism Font Disposer" daemon [_thread_blocked, id=26224, stack(0x0000008e04b00000,0x0000008e04c00000)]
  0x000001bb20922000 JavaThread "Thread-3" daemon [_thread_in_native, id=91992, stack(0x0000008e04900000,0x0000008e04a00000)]
  0x000001bb2090f000 JavaThread "JavaFX-Launcher" [_thread_blocked, id=90440, stack(0x0000008e04a00000,0x0000008e04b00000)]
  0x000001bb2071e000 JavaThread "JavaFX Application Thread" [_thread_in_native, id=87116, stack(0x0000008e04000000,0x0000008e04100000)]
  0x000001bb20715800 JavaThread "Thread-1" daemon [_thread_blocked, id=87808, stack(0x0000008e03f00000,0x0000008e04000000)]
  0x000001bb2066c000 JavaThread "QuantumRenderer-0" daemon [_thread_in_native, id=90320, stack(0x0000008e03c00000,0x0000008e03d00000)]
  0x000001bb1e8ee800 JavaThread "Service Thread" daemon [_thread_blocked, id=85480, stack(0x0000008e03a00000,0x0000008e03b00000)]
=>0x000001bb1e8c9800 JavaThread "C1 CompilerThread3" daemon [_thread_in_native, id=92708, stack(0x0000008e03900000,0x0000008e03a00000)]
  0x000001bb1e8bc800 JavaThread "C2 CompilerThread2" daemon [_thread_in_vm, id=93764, stack(0x0000008e03800000,0x0000008e03900000)]
  0x000001bb1e8b2000 JavaThread "C2 CompilerThread1" daemon [_thread_blocked, id=83304, stack(0x0000008e03700000,0x0000008e03800000)]
  0x000001bb1e8af800 JavaThread "C2 CompilerThread0" daemon [_thread_blocked, id=88132, stack(0x0000008e03600000,0x0000008e03700000)]
  0x000001bb1e8ae800 JavaThread "Attach Listener" daemon [_thread_blocked, id=93136, stack(0x0000008e03500000,0x0000008e03600000)]
  0x000001bb1e8ad000 JavaThread "Signal Dispatcher" daemon [_thread_blocked, id=93752, stack(0x0000008e03400000,0x0000008e03500000)]
  0x000001bb1da1e000 JavaThread "Finalizer" daemon [_thread_blocked, id=88096, stack(0x0000008e03300000,0x0000008e03400000)]
  0x000001bb1da1a000 JavaThread "Reference Handler" daemon [_thread_blocked, id=75360, stack(0x0000008e03200000,0x0000008e03300000)]
  0x000001bb08c03000 JavaThread "main" [_thread_blocked, id=40636, stack(0x0000008e02600000,0x0000008e02700000)]

Other Threads:
  0x000001bb1e855800 VMThread [stack: 0x0000008e03100000,0x0000008e03200000] [id=80456]
  0x000001bb2010d800 WatcherThread [stack: 0x0000008e03b00000,0x0000008e03c00000] [id=91012]

VM state:not at safepoint (normal execution)

VM Mutex/Monitor currently owned by a thread: None

heap address: 0x00000000a2400000, size: 1500 MB, Compressed Oops mode: 32-bit
Narrow klass base: 0x0000000000000000, Narrow klass shift: 3
Compressed class space size: 1073741824 Address: 0x0000000100000000

Heap:
 PSYoungGen      total 52736K, used 35166K [0x00000000e0c00000, 0x00000000e6380000, 0x0000000100000000)
  eden space 49152K, 64% used [0x00000000e0c00000,0x00000000e2adb948,0x00000000e3c00000)
  from space 3584K, 99% used [0x00000000e3c00000,0x00000000e3f7c060,0x00000000e3f80000)
  to   space 15872K, 0% used [0x00000000e5400000,0x00000000e5400000,0x00000000e6380000)
 ParOldGen       total 57344K, used 27116K [0x00000000a2400000, 0x00000000a5c00000, 0x00000000e0c00000)
  object space 57344K, 47% used [0x00000000a2400000,0x00000000a3e7b0a8,0x00000000a5c00000)
 Metaspace       used 27064K, capacity 28268K, committed 28416K, reserved 1073152K
  class space    used 3496K, capacity 3758K, committed 3840K, reserved 1048576K

Card table byte_map: [0x000001bb19a40000,0x000001bb19d30000] byte_map_base: 0x000001bb1952e000

Marking Bits: (ParMarkBitMap*) 0x0000000059807fe0
 Begin Bits: [0x000001bb19f30000, 0x000001bb1b6a0000)
 End Bits:   [0x000001bb1b6a0000, 0x000001bb1ce10000)

Polling page: 0x000001bb0a650000

CodeCache: size=245760Kb used=16414Kb max_used=16414Kb free=229345Kb
 bounds [0x000001bb0a680000, 0x000001bb0b6a0000, 0x000001bb19680000]
 total_blobs=5662 nmethods=4908 adapters=665
 compilation: enabled

Compilation events (10 events):
Event: 1352.906 Thread 0x000001bb1e8af800 nmethod 4933 0x000001bb0b695190 code [0x000001bb0b695300, 0x000001bb0b6956b8]
Event: 1353.345 Thread 0x000001bb1e8c9800 4934       3       sun.misc.Unsafe::getAndAddLong (27 bytes)
Event: 1353.354 Thread 0x000001bb1e8c9800 nmethod 4934 0x000001bb0b681f10 code [0x000001bb0b682080, 0x000001bb0b682298]
Event: 1353.549 Thread 0x000001bb1e8c9800 4936       3       com.sun.javafx.geom.transform.AffineBase::scale (284 bytes)
Event: 1353.565 Thread 0x000001bb1e8c9800 nmethod 4936 0x000001bb0b694650 code [0x000001bb0b694840, 0x000001bb0b694ff0]
Event: 1353.653 Thread 0x000001bb1e8c9800 4937       3       com.sun.javafx.geom.transform.Affine2D::<init> (10 bytes)
Event: 1353.656 Thread 0x000001bb1e8c9800 nmethod 4937 0x000001bb0b695e90 code [0x000001bb0b696000, 0x000001bb0b6962b0]
Event: 1353.656 Thread 0x000001bb1e8c9800 4939       3       com.sun.scenario.effect.impl.state.BoxRenderState::getPassKernelSize (50 bytes)
Event: 1353.658 Thread 0x000001bb1e8c9800 nmethod 4939 0x000001bb0b693f50 code [0x000001bb0b694120, 0x000001bb0b6944f0]
Event: 1353.658 Thread 0x000001bb1e8c9800 4938       3       com.sun.javafx.geom.transform.Affine2D::setTransform (544 bytes)

GC Heap History (10 events):
Event: 1.078 GC heap before
{Heap before GC invocations=2 (full 0):
 PSYoungGen      total 28160K, used 28154K [0x00000000e0c00000, 0x00000000e2b00000, 0x0000000100000000)
  eden space 24576K, 100% used [0x00000000e0c00000,0x00000000e2400000,0x00000000e2400000)
  from space 3584K, 99% used [0x00000000e2400000,0x00000000e277e940,0x00000000e2780000)
  to   space 3584K, 0% used [0x00000000e2780000,0x00000000e2780000,0x00000000e2b00000)
 ParOldGen       total 64512K, used 1698K [0x00000000a2400000, 0x00000000a6300000, 0x00000000e0c00000)
  object space 64512K, 2% used [0x00000000a2400000,0x00000000a25a8ba0,0x00000000a6300000)
 Metaspace       used 19699K, capacity 20666K, committed 20992K, reserved 1067008K
  class space    used 2767K, capacity 2995K, committed 3072K, reserved 1048576K
Event: 1.085 GC heap after
Heap after GC invocations=2 (full 0):
 PSYoungGen      total 28160K, used 3578K [0x00000000e0c00000, 0x00000000e2b00000, 0x0000000100000000)
  eden space 24576K, 0% used [0x00000000e0c00000,0x00000000e0c00000,0x00000000e2400000)
  from space 3584K, 99% used [0x00000000e2780000,0x00000000e2afe940,0x00000000e2b00000)
  to   space 3584K, 0% used [0x00000000e2400000,0x00000000e2400000,0x00000000e2780000)
 ParOldGen       total 64512K, used 9565K [0x00000000a2400000, 0x00000000a6300000, 0x00000000e0c00000)
  object space 64512K, 14% used [0x00000000a2400000,0x00000000a2d576d0,0x00000000a6300000)
 Metaspace       used 19699K, capacity 20666K, committed 20992K, reserved 1067008K
  class space    used 2767K, capacity 2995K, committed 3072K, reserved 1048576K
}
Event: 1.157 GC heap before
{Heap before GC invocations=3 (full 0):
 PSYoungGen      total 28160K, used 6730K [0x00000000e0c00000, 0x00000000e2b00000, 0x0000000100000000)
  eden space 24576K, 12% used [0x00000000e0c00000,0x00000000e0f14220,0x00000000e2400000)
  from space 3584K, 99% used [0x00000000e2780000,0x00000000e2afe940,0x00000000e2b00000)
  to   space 3584K, 0% used [0x00000000e2400000,0x00000000e2400000,0x00000000e2780000)
 ParOldGen       total 64512K, used 9565K [0x00000000a2400000, 0x00000000a6300000, 0x00000000e0c00000)
  object space 64512K, 14% used [0x00000000a2400000,0x00000000a2d576d0,0x00000000a6300000)
 Metaspace       used 20215K, capacity 21178K, committed 21248K, reserved 1067008K
  class space    used 2844K, capacity 3043K, committed 3072K, reserved 1048576K
Event: 1.159 GC heap after
Heap after GC invocations=3 (full 0):
 PSYoungGen      total 28160K, used 3562K [0x00000000e0c00000, 0x00000000e4300000, 0x0000000100000000)
  eden space 24576K, 0% used [0x00000000e0c00000,0x00000000e0c00000,0x00000000e2400000)
  from space 3584K, 99% used [0x00000000e2400000,0x00000000e277a920,0x00000000e2780000)
  to   space 3584K, 0% used [0x00000000e3f80000,0x00000000e3f80000,0x00000000e4300000)
 ParOldGen       total 64512K, used 10450K [0x00000000a2400000, 0x00000000a6300000, 0x00000000e0c00000)
  object space 64512K, 16% used [0x00000000a2400000,0x00000000a2e34bf0,0x00000000a6300000)
 Metaspace       used 20215K, capacity 21178K, committed 21248K, reserved 1067008K
  class space    used 2844K, capacity 3043K, committed 3072K, reserved 1048576K
}
Event: 1.159 GC heap before
{Heap before GC invocations=4 (full 1):
 PSYoungGen      total 28160K, used 3562K [0x00000000e0c00000, 0x00000000e4300000, 0x0000000100000000)
  eden space 24576K, 0% used [0x00000000e0c00000,0x00000000e0c00000,0x00000000e2400000)
  from space 3584K, 99% used [0x00000000e2400000,0x00000000e277a920,0x00000000e2780000)
  to   space 3584K, 0% used [0x00000000e3f80000,0x00000000e3f80000,0x00000000e4300000)
 ParOldGen       total 64512K, used 10450K [0x00000000a2400000, 0x00000000a6300000, 0x00000000e0c00000)
  object space 64512K, 16% used [0x00000000a2400000,0x00000000a2e34bf0,0x00000000a6300000)
 Metaspace       used 20215K, capacity 21178K, committed 21248K, reserved 1067008K
  class space    used 2844K, capacity 3043K, committed 3072K, reserved 1048576K
Event: 1.175 GC heap after
Heap after GC invocations=4 (full 1):
 PSYoungGen      total 28160K, used 0K [0x00000000e0c00000, 0x00000000e4300000, 0x0000000100000000)
  eden space 24576K, 0% used [0x00000000e0c00000,0x00000000e0c00000,0x00000000e2400000)
  from space 3584K, 0% used [0x00000000e2400000,0x00000000e2400000,0x00000000e2780000)
  to   space 3584K, 0% used [0x00000000e3f80000,0x00000000e3f80000,0x00000000e4300000)
 ParOldGen       total 57344K, used 12419K [0x00000000a2400000, 0x00000000a5c00000, 0x00000000e0c00000)
  object space 57344K, 21% used [0x00000000a2400000,0x00000000a3020cb0,0x00000000a5c00000)
 Metaspace       used 20215K, capacity 21178K, committed 21248K, reserved 1067008K
  class space    used 2844K, capacity 3043K, committed 3072K, reserved 1048576K
}
Event: 4.925 GC heap before
{Heap before GC invocations=5 (full 1):
 PSYoungGen      total 28160K, used 24174K [0x00000000e0c00000, 0x00000000e4300000, 0x0000000100000000)
  eden space 24576K, 98% used [0x00000000e0c00000,0x00000000e239bbc0,0x00000000e2400000)
  from space 3584K, 0% used [0x00000000e2400000,0x00000000e2400000,0x00000000e2780000)
  to   space 3584K, 0% used [0x00000000e3f80000,0x00000000e3f80000,0x00000000e4300000)
 ParOldGen       total 57344K, used 12419K [0x00000000a2400000, 0x00000000a5c00000, 0x00000000e0c00000)
  object space 57344K, 21% used [0x00000000a2400000,0x00000000a3020cb0,0x00000000a5c00000)
 Metaspace       used 22702K, capacity 23894K, committed 24192K, reserved 1071104K
  class space    used 3116K, capacity 3369K, committed 3456K, reserved 1048576K
Event: 4.929 GC heap after
Heap after GC invocations=5 (full 1):
 PSYoungGen      total 40960K, used 3552K [0x00000000e0c00000, 0x00000000e4300000, 0x0000000100000000)
  eden space 37376K, 0% used [0x00000000e0c00000,0x00000000e0c00000,0x00000000e3080000)
  from space 3584K, 99% used [0x00000000e3f80000,0x00000000e42f8010,0x00000000e4300000)
  to   space 3584K, 0% used [0x00000000e3c00000,0x00000000e3c00000,0x00000000e3f80000)
 ParOldGen       total 57344K, used 17455K [0x00000000a2400000, 0x00000000a5c00000, 0x00000000e0c00000)
  object space 57344K, 30% used [0x00000000a2400000,0x00000000a350be00,0x00000000a5c00000)
 Metaspace       used 22702K, capacity 23894K, committed 24192K, reserved 1071104K
  class space    used 3116K, capacity 3369K, committed 3456K, reserved 1048576K
}
Event: 5.183 GC heap before
{Heap before GC invocations=6 (full 1):
 PSYoungGen      total 40960K, used 40928K [0x00000000e0c00000, 0x00000000e4300000, 0x0000000100000000)
  eden space 37376K, 100% used [0x00000000e0c00000,0x00000000e3080000,0x00000000e3080000)
  from space 3584K, 99% used [0x00000000e3f80000,0x00000000e42f8010,0x00000000e4300000)
  to   space 3584K, 0% used [0x00000000e3c00000,0x00000000e3c00000,0x00000000e3f80000)
 ParOldGen       total 57344K, used 17455K [0x00000000a2400000, 0x00000000a5c00000, 0x00000000e0c00000)
  object space 57344K, 30% used [0x00000000a2400000,0x00000000a350be00,0x00000000a5c00000)
 Metaspace       used 26045K, capacity 27284K, committed 27520K, reserved 1073152K
  class space    used 3447K, capacity 3700K, committed 3712K, reserved 1048576K
Event: 5.189 GC heap after
Heap after GC invocations=6 (full 1):
 PSYoungGen      total 52736K, used 3568K [0x00000000e0c00000, 0x00000000e6380000, 0x0000000100000000)
  eden space 49152K, 0% used [0x00000000e0c00000,0x00000000e0c00000,0x00000000e3c00000)
  from space 3584K, 99% used [0x00000000e3c00000,0x00000000e3f7c060,0x00000000e3f80000)
  to   space 15872K, 0% used [0x00000000e5400000,0x00000000e5400000,0x00000000e6380000)
 ParOldGen       total 57344K, used 27116K [0x00000000a2400000, 0x00000000a5c00000, 0x00000000e0c00000)
  object space 57344K, 47% used [0x00000000a2400000,0x00000000a3e7b0a8,0x00000000a5c00000)
 Metaspace       used 26045K, capacity 27284K, committed 27520K, reserved 1073152K
  class space    used 3447K, capacity 3700K, committed 3712K, reserved 1048576K
}

Deoptimization events (10 events):
Event: 5.307 Thread 0x000001bb2071e000 Uncommon trap: reason=bimorphic action=maybe_recompile pc=0x000001bb0ad67614 method=javafx.scene.Node.impl_geomChanged()V @ 33
Event: 5.309 Thread 0x000001bb2071e000 Uncommon trap: reason=unstable_if action=reinterpret pc=0x000001bb0ae7313c method=javafx.scene.Node.impl_isDirty(Lcom/sun/javafx/scene/DirtyBits;)Z @ 12
Event: 5.414 Thread 0x000001bb2066c000 Uncommon trap: reason=unstable_if action=reinterpret pc=0x000001bb0b3a480c method=java.lang.Float.isNaN(F)Z @ 3
Event: 7.127 Thread 0x000001bb2071e000 Uncommon trap: reason=class_check action=maybe_recompile pc=0x000001bb0af55334 method=javafx.scene.Node.updateLocalToParentTransform()V @ 11
Event: 7.127 Thread 0x000001bb2071e000 Uncommon trap: reason=class_check action=maybe_recompile pc=0x000001bb0af55334 method=javafx.scene.Node.updateLocalToParentTransform()V @ 11
Event: 7.175 Thread 0x000001bb2071e000 Uncommon trap: reason=class_check action=maybe_recompile pc=0x000001bb0af55334 method=javafx.scene.Node.updateLocalToParentTransform()V @ 11
Event: 7.175 Thread 0x000001bb2071e000 Uncommon trap: reason=class_check action=maybe_recompile pc=0x000001bb0af55334 method=javafx.scene.Node.updateLocalToParentTransform()V @ 11
Event: 7.191 Thread 0x000001bb2071e000 Uncommon trap: reason=unstable_if action=reinterpret pc=0x000001bb0b45fdec method=com.sun.javafx.geom.transform.Translate2D.isIdentity()Z @ 15
Event: 7.718 Thread 0x000001bb2071e000 Uncommon trap: reason=unstable_if action=reinterpret pc=0x000001bb0af958f0 method=com.sun.javafx.geom.transform.Translate2D.isIdentity()Z @ 15
Event: 9.527 Thread 0x000001bb2071e000 Uncommon trap: reason=null_check action=make_not_entrant pc=0x000001bb0b4a83a0 method=javafx.scene.Node$MiscProperties.getClip()Ljavafx/scene/Node; @ 20

Classes redefined (0 events):
No events

Internal exceptions (10 events):
Event: 23.611 Thread 0x000001bb2071e000 Exception <a 'java/lang/NullPointerException'> (0x00000000e2508620) thrown at [C:\jenkins\workspace\8-2-build-windows-amd64-cygwin\jdk8u301\1513\hotspot\src\share\vm\prims\jvm.cpp, line 1527]
Event: 23.974 Thread 0x000001bb2071e000 Exception <a 'java/lang/NullPointerException'> (0x00000000e258fe18) thrown at [C:\jenkins\workspace\8-2-build-windows-amd64-cygwin\jdk8u301\1513\hotspot\src\share\vm\prims\jvm.cpp, line 1527]
Event: 24.026 Thread 0x000001bb2071e000 Exception <a 'java/lang/NullPointerException'> (0x00000000e2631f08) thrown at [C:\jenkins\workspace\8-2-build-windows-amd64-cygwin\jdk8u301\1513\hotspot\src\share\vm\prims\jvm.cpp, line 1527]
Event: 24.083 Thread 0x000001bb2071e000 Exception <a 'java/lang/NullPointerException'> (0x00000000e2660ac0) thrown at [C:\jenkins\workspace\8-2-build-windows-amd64-cygwin\jdk8u301\1513\hotspot\src\share\vm\prims\jvm.cpp, line 1527]
Event: 24.175 Thread 0x000001bb2071e000 Exception <a 'java/lang/NullPointerException'> (0x00000000e26a0d18) thrown at [C:\jenkins\workspace\8-2-build-windows-amd64-cygwin\jdk8u301\1513\hotspot\src\share\vm\prims\jvm.cpp, line 1527]
Event: 24.604 Thread 0x000001bb2071e000 Exception <a 'java/lang/NullPointerException'> (0x00000000e26b7950) thrown at [C:\jenkins\workspace\8-2-build-windows-amd64-cygwin\jdk8u301\1513\hotspot\src\share\vm\prims\jvm.cpp, line 1527]
Event: 24.638 Thread 0x000001bb2071e000 Exception <a 'java/lang/NullPointerException'> (0x00000000e27357c8) thrown at [C:\jenkins\workspace\8-2-build-windows-amd64-cygwin\jdk8u301\1513\hotspot\src\share\vm\prims\jvm.cpp, line 1527]
Event: 24.686 Thread 0x000001bb2071e000 Exception <a 'java/lang/NullPointerException'> (0x00000000e274b8f0) thrown at [C:\jenkins\workspace\8-2-build-windows-amd64-cygwin\jdk8u301\1513\hotspot\src\share\vm\prims\jvm.cpp, line 1527]
Event: 24.702 Thread 0x000001bb2071e000 Exception <a 'java/lang/NullPointerException'> (0x00000000e2761a18) thrown at [C:\jenkins\workspace\8-2-build-windows-amd64-cygwin\jdk8u301\1513\hotspot\src\share\vm\prims\jvm.cpp, line 1527]
Event: 24.752 Thread 0x000001bb2071e000 Exception <a 'java/lang/NullPointerException'> (0x00000000e27e7130) thrown at [C:\jenkins\workspace\8-2-build-windows-amd64-cygwin\jdk8u301\1513\hotspot\src\share\vm\prims\jvm.cpp, line 1527]

Events (10 events):
Event: 20.872 Thread 0x000001bb1e8c9800 flushing nmethod 0x000001bb0a7a5950
Event: 20.872 Thread 0x000001bb1e8c9800 flushing nmethod 0x000001bb0a7b0a90
Event: 20.872 Thread 0x000001bb1e8c9800 flushing nmethod 0x000001bb0a7b1150
Event: 20.872 Thread 0x000001bb1e8c9800 flushing nmethod 0x000001bb0a7b1c50
Event: 20.872 Thread 0x000001bb1e8c9800 flushing nmethod 0x000001bb0a7c8f90
Event: 20.872 Thread 0x000001bb1e8c9800 flushing nmethod 0x000001bb0a7fdad0
Event: 20.872 Thread 0x000001bb1e8c9800 flushing nmethod 0x000001bb0a802490
Event: 20.872 Thread 0x000001bb1e8c9800 flushing nmethod 0x000001bb0a83b5d0
Event: 24.051 Executing VM operation: BulkRevokeBias
Event: 24.051 Executing VM operation: BulkRevokeBias done


Dynamic libraries:
0x00007ff6b2f00000 - 0x00007ff6b2f47000 	C:\Program Files\Java\jdk1.8.0_301\bin\java.exe
0x00007ff848710000 - 0x00007ff848924000 	C:\WINDOWS\SYSTEM32\ntdll.dll
0x00007ff846c90000 - 0x00007ff846d53000 	C:\WINDOWS\System32\KERNEL32.DLL
0x00007ff845ec0000 - 0x00007ff84625c000 	C:\WINDOWS\System32\KERNELBASE.dll
0x00007ff846be0000 - 0x00007ff846c8e000 	C:\WINDOWS\System32\ADVAPI32.dll
0x00007ff846e10000 - 0x00007ff846eb7000 	C:\WINDOWS\System32\msvcrt.dll
0x00007ff846d60000 - 0x00007ff846e04000 	C:\WINDOWS\System32\sechost.dll
0x00007ff8485b0000 - 0x00007ff8486c5000 	C:\WINDOWS\System32\RPCRT4.dll
0x00007ff848170000 - 0x00007ff84831d000 	C:\WINDOWS\System32\USER32.dll
0x00007ff8463d0000 - 0x00007ff8463f6000 	C:\WINDOWS\System32\win32u.dll
0x00007ff846ec0000 - 0x00007ff846ee9000 	C:\WINDOWS\System32\GDI32.dll
0x00007ff845b50000 - 0x00007ff845c62000 	C:\WINDOWS\System32\gdi32full.dll
0x00007ff845e20000 - 0x00007ff845eba000 	C:\WINDOWS\System32\msvcp_win.dll
0x00007ff846400000 - 0x00007ff846511000 	C:\WINDOWS\System32\ucrtbase.dll
0x00007ff82d350000 - 0x00007ff82d5de000 	C:\WINDOWS\WinSxS\amd64_microsoft.windows.common-controls_6595b64144ccf1df_6.0.22621.608_none_a9444ca7c10bb01d\COMCTL32.dll
0x00007ff847da0000 - 0x00007ff847dd2000 	C:\WINDOWS\System32\IMM32.DLL
0x00007ff82dd60000 - 0x00007ff82dd75000 	C:\Program Files\Java\jdk1.8.0_301\jre\bin\vcruntime140.dll
0x00007ff81c510000 - 0x00007ff81c5ab000 	C:\Program Files\Java\jdk1.8.0_301\jre\bin\msvcp140.dll
0x0000000059020000 - 0x0000000059880000 	C:\Program Files\Java\jdk1.8.0_301\jre\bin\server\jvm.dll
0x00007ff848430000 - 0x00007ff848438000 	C:\WINDOWS\System32\PSAPI.DLL
0x00007ff83fb50000 - 0x00007ff83fb59000 	C:\WINDOWS\SYSTEM32\WSOCK32.dll
0x00007ff83ebc0000 - 0x00007ff83ebf4000 	C:\WINDOWS\SYSTEM32\WINMM.dll
0x00007ff83d350000 - 0x00007ff83d35a000 	C:\WINDOWS\SYSTEM32\VERSION.dll
0x00007ff847d20000 - 0x00007ff847d91000 	C:\WINDOWS\System32\WS2_32.dll
0x00007ff844b60000 - 0x00007ff844b78000 	C:\WINDOWS\SYSTEM32\kernel.appcore.dll
0x00007ff83fb40000 - 0x00007ff83fb50000 	C:\Program Files\Java\jdk1.8.0_301\jre\bin\verify.dll
0x00007ff82dcf0000 - 0x00007ff82dd1b000 	C:\Program Files\Java\jdk1.8.0_301\jre\bin\java.dll
0x00007ff82cfe0000 - 0x00007ff82cff8000 	C:\Program Files\Java\jdk1.8.0_301\jre\bin\zip.dll
0x00007ff846f80000 - 0x00007ff84776f000 	C:\WINDOWS\System32\SHELL32.dll
0x00007ff843b20000 - 0x00007ff8443e8000 	C:\WINDOWS\SYSTEM32\windows.storage.dll
0x00007ff847de0000 - 0x00007ff84816a000 	C:\WINDOWS\System32\combase.dll
0x00007ff8439e0000 - 0x00007ff843b1e000 	C:\WINDOWS\SYSTEM32\wintypes.dll
0x00007ff848440000 - 0x00007ff848531000 	C:\WINDOWS\System32\SHCORE.dll
0x00007ff8477f0000 - 0x00007ff84784e000 	C:\WINDOWS\System32\shlwapi.dll
0x00007ff845a80000 - 0x00007ff845aa1000 	C:\WINDOWS\SYSTEM32\profapi.dll
0x000001bb20e10000 - 0x000001bb20e13000 	C:\Program Files\Java\jdk1.8.0_301\jre\bin\api-ms-win-core-console-l1-1-0.dll
0x000001bb20e20000 - 0x000001bb20e23000 	C:\Program Files\Java\jdk1.8.0_301\jre\bin\api-ms-win-core-console-l1-2-0.dll
0x000001bb20e30000 - 0x000001bb20e33000 	C:\Program Files\Java\jdk1.8.0_301\jre\bin\api-ms-win-core-datetime-l1-1-0.dll
0x000001bb20e40000 - 0x000001bb20e43000 	C:\Program Files\Java\jdk1.8.0_301\jre\bin\api-ms-win-core-debug-l1-1-0.dll
0x000001bb20e50000 - 0x000001bb20e53000 	C:\Program Files\Java\jdk1.8.0_301\jre\bin\api-ms-win-core-errorhandling-l1-1-0.dll
0x000001bb20e60000 - 0x000001bb20e64000 	C:\Program Files\Java\jdk1.8.0_301\jre\bin\api-ms-win-core-file-l1-1-0.dll
0x000001bb20e70000 - 0x000001bb20e73000 	C:\Program Files\Java\jdk1.8.0_301\jre\bin\api-ms-win-core-file-l1-2-0.dll
0x000001bb20e80000 - 0x000001bb20e83000 	C:\Program Files\Java\jdk1.8.0_301\jre\bin\api-ms-win-core-file-l2-1-0.dll
0x000001bb20e90000 - 0x000001bb20e93000 	C:\Program Files\Java\jdk1.8.0_301\jre\bin\api-ms-win-core-handle-l1-1-0.dll
0x000001bb20ea0000 - 0x000001bb20ea3000 	C:\Program Files\Java\jdk1.8.0_301\jre\bin\api-ms-win-core-heap-l1-1-0.dll
0x000001bb20eb0000 - 0x000001bb20eb3000 	C:\Program Files\Java\jdk1.8.0_301\jre\bin\api-ms-win-core-interlocked-l1-1-0.dll
0x000001bb20ec0000 - 0x000001bb20ec3000 	C:\Program Files\Java\jdk1.8.0_301\jre\bin\api-ms-win-core-libraryloader-l1-1-0.dll
0x000001bb20ed0000 - 0x000001bb20ed3000 	C:\Program Files\Java\jdk1.8.0_301\jre\bin\api-ms-win-core-localization-l1-2-0.dll
0x000001bb20ee0000 - 0x000001bb20ee3000 	C:\Program Files\Java\jdk1.8.0_301\jre\bin\api-ms-win-core-memory-l1-1-0.dll
0x000001bb20ef0000 - 0x000001bb20ef3000 	C:\Program Files\Java\jdk1.8.0_301\jre\bin\api-ms-win-core-namedpipe-l1-1-0.dll
0x000001bb20f00000 - 0x000001bb20f03000 	C:\Program Files\Java\jdk1.8.0_301\jre\bin\api-ms-win-core-processenvironment-l1-1-0.dll
0x000001bb20f10000 - 0x000001bb20f13000 	C:\Program Files\Java\jdk1.8.0_301\jre\bin\api-ms-win-core-processthreads-l1-1-0.dll
0x000001bb20f20000 - 0x000001bb20f23000 	C:\Program Files\Java\jdk1.8.0_301\jre\bin\api-ms-win-core-processthreads-l1-1-1.dll
0x000001bb20f30000 - 0x000001bb20f33000 	C:\Program Files\Java\jdk1.8.0_301\jre\bin\api-ms-win-core-profile-l1-1-0.dll
0x000001bb20f40000 - 0x000001bb20f43000 	C:\Program Files\Java\jdk1.8.0_301\jre\bin\api-ms-win-core-rtlsupport-l1-1-0.dll
0x000001bb20f50000 - 0x000001bb20f53000 	C:\Program Files\Java\jdk1.8.0_301\jre\bin\api-ms-win-core-string-l1-1-0.dll
0x000001bb20f60000 - 0x000001bb20f63000 	C:\Program Files\Java\jdk1.8.0_301\jre\bin\api-ms-win-core-synch-l1-1-0.dll
0x000001bb20f70000 - 0x000001bb20f73000 	C:\Program Files\Java\jdk1.8.0_301\jre\bin\api-ms-win-core-synch-l1-2-0.dll
0x000001bb20f80000 - 0x000001bb20f83000 	C:\Program Files\Java\jdk1.8.0_301\jre\bin\api-ms-win-core-sysinfo-l1-1-0.dll
0x000001bb20f90000 - 0x000001bb20f93000 	C:\Program Files\Java\jdk1.8.0_301\jre\bin\api-ms-win-core-timezone-l1-1-0.dll
0x000001bb20fa0000 - 0x000001bb20fa3000 	C:\Program Files\Java\jdk1.8.0_301\jre\bin\api-ms-win-core-util-l1-1-0.dll
0x000001bb20fb0000 - 0x000001bb20fb3000 	C:\Program Files\Java\jdk1.8.0_301\jre\bin\api-ms-win-crt-conio-l1-1-0.dll
0x000001bb20fc0000 - 0x000001bb20fc4000 	C:\Program Files\Java\jdk1.8.0_301\jre\bin\api-ms-win-crt-convert-l1-1-0.dll
0x000001bb20fd0000 - 0x000001bb20fd3000 	C:\Program Files\Java\jdk1.8.0_301\jre\bin\api-ms-win-crt-environment-l1-1-0.dll
0x000001bb20fe0000 - 0x000001bb20fe3000 	C:\Program Files\Java\jdk1.8.0_301\jre\bin\api-ms-win-crt-filesystem-l1-1-0.dll
0x000001bb20ff0000 - 0x000001bb20ff3000 	C:\Program Files\Java\jdk1.8.0_301\jre\bin\api-ms-win-crt-heap-l1-1-0.dll
0x000001bb21000000 - 0x000001bb21003000 	C:\Program Files\Java\jdk1.8.0_301\jre\bin\api-ms-win-crt-locale-l1-1-0.dll
0x000001bb21010000 - 0x000001bb21015000 	C:\Program Files\Java\jdk1.8.0_301\jre\bin\api-ms-win-crt-math-l1-1-0.dll
0x000001bb21020000 - 0x000001bb21025000 	C:\Program Files\Java\jdk1.8.0_301\jre\bin\api-ms-win-crt-multibyte-l1-1-0.dll
0x000001bb21030000 - 0x000001bb21040000 	C:\Program Files\Java\jdk1.8.0_301\jre\bin\api-ms-win-crt-private-l1-1-0.dll
0x000001bb21040000 - 0x000001bb21043000 	C:\Program Files\Java\jdk1.8.0_301\jre\bin\api-ms-win-crt-process-l1-1-0.dll
0x000001bb21050000 - 0x000001bb21054000 	C:\Program Files\Java\jdk1.8.0_301\jre\bin\api-ms-win-crt-runtime-l1-1-0.dll
0x000001bb21060000 - 0x000001bb21064000 	C:\Program Files\Java\jdk1.8.0_301\jre\bin\api-ms-win-crt-stdio-l1-1-0.dll
0x000001bb21070000 - 0x000001bb21074000 	C:\Program Files\Java\jdk1.8.0_301\jre\bin\api-ms-win-crt-string-l1-1-0.dll
0x000001bb21080000 - 0x000001bb21083000 	C:\Program Files\Java\jdk1.8.0_301\jre\bin\api-ms-win-crt-time-l1-1-0.dll
0x000001bb21090000 - 0x000001bb21093000 	C:\Program Files\Java\jdk1.8.0_301\jre\bin\api-ms-win-crt-utility-l1-1-0.dll
0x00007ff806ab0000 - 0x00007ff806baa000 	C:\Program Files\Java\jdk1.8.0_301\jre\bin\ucrtbase.dll
0x00007ff83e6b0000 - 0x00007ff83e6bc000 	C:\Program Files\Java\jdk1.8.0_301\jre\bin\vcruntime140_1.dll
0x00007ff82a400000 - 0x00007ff82a423000 	C:\Program Files\Java\jdk1.8.0_301\jre\bin\prism_d3d.dll
0x00007ff829180000 - 0x00007ff829329000 	C:\WINDOWS\system32\d3d9.dll
0x00007ff843020000 - 0x00007ff84304b000 	C:\WINDOWS\SYSTEM32\dwmapi.dll
0x00007ff842ec0000 - 0x00007ff842ef6000 	C:\WINDOWS\SYSTEM32\dxcore.dll
0x00007ff842db0000 - 0x00007ff842e5b000 	C:\WINDOWS\system32\uxtheme.dll
0x00007ff83b200000 - 0x00007ff83b3bb000 	C:\WINDOWS\System32\DriverStore\FileRepository\u0383722.inf_amd64_5cbaacf42cbd3812\B383240\aticfx64.dll
0x00007fffd0f70000 - 0x00007fffd0fa4000 	C:\WINDOWS\System32\DriverStore\FileRepository\u0383722.inf_amd64_5cbaacf42cbd3812\B383240\atiu9p64.dll
0x00007fffbf0d0000 - 0x00007fffbfe25000 	C:\WINDOWS\System32\DriverStore\FileRepository\u0383722.inf_amd64_5cbaacf42cbd3812\B383240\atiumd64.dll
0x00007ff846600000 - 0x00007ff84679c000 	C:\WINDOWS\System32\ole32.dll
0x00007ff843620000 - 0x00007ff84384e000 	C:\WINDOWS\SYSTEM32\dbghelp.dll
0x00007ff846520000 - 0x00007ff8465f7000 	C:\WINDOWS\System32\OLEAUT32.dll
0x00007ff83a9b0000 - 0x00007ff83a9e2000 	C:\WINDOWS\SYSTEM32\dbgcore.DLL
0x00000000578e0000 - 0x0000000058807000 	C:\WINDOWS\System32\DriverStore\FileRepository\u0383722.inf_amd64_5cbaacf42cbd3812\B383240\atiumd6a.dll
0x00007ff8478a0000 - 0x00007ff847d1a000 	C:\WINDOWS\System32\SETUPAPI.dll
0x00007ff845a20000 - 0x00007ff845a6d000 	C:\WINDOWS\SYSTEM32\POWRPROF.dll
0x00007ff845a00000 - 0x00007ff845a13000 	C:\WINDOWS\SYSTEM32\UMPDC.dll
0x00007ff83b1c0000 - 0x00007ff83b1f5000 	C:\WINDOWS\SYSTEM32\amdihk64.dll
0x00007ff83f590000 - 0x00007ff83f5d9000 	C:\WINDOWS\SYSTEM32\directxdatabasehelper.dll
0x00007ff8297a0000 - 0x00007ff8297e2000 	C:\Program Files\Java\jdk1.8.0_301\jre\bin\glass.dll
0x00007ff848330000 - 0x00007ff848427000 	C:\WINDOWS\System32\COMDLG32.dll
0x00007ff812a50000 - 0x00007ff812b89000 	C:\ProgramData\A-Volute\A-Volute.Nahimic\Modules\Scheduled\x64\AudioDevProps2.dll
0x00007ff846870000 - 0x00007ff84698e000 	C:\WINDOWS\System32\MSCTF.dll
0x00007ff845da0000 - 0x00007ff845e1b000 	C:\WINDOWS\System32\bcryptPrimitives.dll
0x00007ff83e5d0000 - 0x00007ff83e5e4000 	C:\Program Files\Java\jdk1.8.0_301\jre\bin\javafx_font.dll
0x00007ff8417f0000 - 0x00007ff841a57000 	C:\WINDOWS\SYSTEM32\dwrite.dll
0x00007ff82c080000 - 0x00007ff82c09c000 	C:\Program Files\Java\jdk1.8.0_301\jre\bin\net.dll
0x00007ff844fc0000 - 0x00007ff845029000 	C:\WINDOWS\system32\mswsock.dll
0x00007ff8446b0000 - 0x00007ff8447a3000 	C:\WINDOWS\SYSTEM32\DNSAPI.dll
0x00007ff844640000 - 0x00007ff84466d000 	C:\WINDOWS\SYSTEM32\IPHLPAPI.DLL
0x00007ff848320000 - 0x00007ff848329000 	C:\WINDOWS\System32\NSI.dll
0x00007ff839190000 - 0x00007ff83919a000 	C:\Windows\System32\rasadhlp.dll
0x00007ff83d690000 - 0x00007ff83d713000 	C:\WINDOWS\System32\fwpuclnt.dll
0x00007ff8467c0000 - 0x00007ff846870000 	C:\WINDOWS\System32\clbcatq.dll
0x00007ff841640000 - 0x00007ff8417f0000 	C:\WINDOWS\SYSTEM32\WindowsCodecs.dll
0x00007ff8279a0000 - 0x00007ff8279fe000 	C:\WINDOWS\system32\dataexchange.dll
0x00007ff83c1c0000 - 0x00007ff83c42a000 	C:\WINDOWS\system32\twinapi.appcore.dll
0x00007ff81d0a0000 - 0x00007ff81d0d2000 	C:\Program Files\Common Files\Microsoft Shared\Ink\rtscom.dll
0x00007ff81ee10000 - 0x00007ff81ef3d000 	C:\WINDOWS\SYSTEM32\textinputframework.dll
0x00007ff842900000 - 0x00007ff842a33000 	C:\WINDOWS\SYSTEM32\CoreMessaging.dll
0x00007ff83e810000 - 0x00007ff83eb7c000 	C:\WINDOWS\SYSTEM32\CoreUIComponents.dll
0x00007ff845210000 - 0x00007ff84521c000 	C:\WINDOWS\SYSTEM32\CRYPTBASE.DLL
0x00007ff8451f0000 - 0x00007ff84520b000 	C:\WINDOWS\SYSTEM32\CRYPTSP.dll
0x00007ff844ad0000 - 0x00007ff844b05000 	C:\WINDOWS\system32\rsaenh.dll
0x00007ff845070000 - 0x00007ff845098000 	C:\WINDOWS\SYSTEM32\USERENV.dll
0x00007ff845420000 - 0x00007ff845448000 	C:\WINDOWS\SYSTEM32\bcrypt.dll
0x00007ff83f2e0000 - 0x00007ff83f2f9000 	C:\WINDOWS\SYSTEM32\dhcpcsvc6.DLL
0x00007ff83f2c0000 - 0x00007ff83f2df000 	C:\WINDOWS\SYSTEM32\dhcpcsvc.DLL
0x00007ff82b6a0000 - 0x00007ff82b6b3000 	C:\Program Files\Java\jdk1.8.0_301\jre\bin\nio.dll
0x00007ff830140000 - 0x00007ff830152000 	C:\Program Files\Java\jdk1.8.0_301\jre\bin\prism_common.dll
0x00007ff841cc0000 - 0x00007ff842281000 	C:\WINDOWS\SYSTEM32\d2d1.dll

VM Arguments:
jvm_args: -Dfile.encoding=UTF-8 
java_command: main.MainGUI
java_class_path (initial): C:\Users\Karim\OneDrive\Documents\Ines\pidev\Library\fontawesomefx-8.9.jar;C:\Users\Karim\OneDrive\Documents\Ines\pidev\Library\fontawesomefx-glyphsbrowser-all-1.0.jar;C:\Users\Karim\OneDrive\Documents\Ines\pidev\Library\jfoenix-8.0.1.jar;C:\Users\Karim\OneDrive\Documents\Ines\pidev\Library\junit-4.13.2.jar;C:\Users\Karim\OneDrive\Documents\Ines\pidev\Library\mysql-connector-java-8.0.19.jar;C:\Users\Karim\OneDrive\Documents\Ines\pidev\Library\com.fasterxml.jackson.databind.jar;C:\Users\Karim\OneDrive\Documents\Ines\pidev\Library\jackson-mapper-asl.jar;C:\Users\Karim\OneDrive\Documents\Ines\pidev\Library\l;C:\Users\Karim\OneDrive\Documents\Ines\pidev\Library\l\jackson-annotations-2.14.2.jar;C:\Users\Karim\OneDrive\Documents\Ines\pidev\Library\l\jackson-core-2.14.2.jar;C:\Users\Karim\OneDrive\Documents\Ines\pidev\Library\l\jackson-databind-2.14.2.jar;C:\Users\Karim\OneDrive\Documents\Ines\pidev\Library\l\mail-1.4.jar;C:\Users\Karim\OneDrive\Documents\NetBeansProjects\GestionOffreV19_4\build\classes
Launcher Type: SUN_STANDARD

Environment Variables:
JAVA_HOME=C:\Program Files\Java\jdk1.8.0_301
PATH=C:\oraclexe\app\oracle\product\10.2.0\server\bin;C:\Program Files (x86)\Common Files\Oracle\Java\javapath;C:\Windows\system32;C:\Windows;C:\Windows\System32\Wbem;C:\Windows\System32\WindowsPowerShell\v1.0\;C:\Windows\System32\OpenSSH\;C:\Program Files (x86)\NVIDIA Corporation\PhysX\Common;C:\Program Files\NVIDIA Corporation\NVIDIA NvDLISR;C:\WINDOWS\system32;C:\WINDOWS;C:\WINDOWS\System32\Wbem;C:\WINDOWS\System32\WindowsPowerShell\v1.0\;C:\WINDOWS\System32\OpenSSH\;C:\Program Files\Git\cmd;C:\Program Files (x86)\GnuWin32\bin;C:\Program Files (x86)\CodeBlocks\MinGW\bin;C:\Users\Karim\AppData\Local\Microsoft\WindowsApps;;C:\Users\Karim\AppData\Local\Programs\Microsoft VS Code\bin
USERNAME=Karim
OS=Windows_NT
PROCESSOR_IDENTIFIER=AMD64 Family 25 Model 80 Stepping 0, AuthenticAMD



---------------  S Y S T E M  ---------------

OS: Windows 10.0 , 64 bit Build 22621 (10.0.22621.1194)

CPU:total 12 (initial active 12) (12 cores per cpu, 1 threads per core) family 25 model 80 stepping 0, cmov, cx8, fxsr, mmx, sse, sse2, sse3, ssse3, sse4.1, sse4.2, popcnt, avx, avx2, aes, clmul, erms, mmxext, 3dnowpref, lzcnt, sse4a, tsc, tscinvbit, tscinv, bmi1

Memory: 4k page, physical 6139972k(123252k free), swap 25014340k(4868k free)

vm_info: Java HotSpot(TM) 64-Bit Server VM (25.301-b09) for windows-amd64 JRE (1.8.0_301-b09), built on Jun  9 2021 06:46:21 by "java_re" with MS VC++ 15.9 (VS2017)

time: Wed Mar  8 14:32:00 2023
timezone: Paris, Madrid
elapsed time: 1354.544337 seconds (0d 0h 22m 34s)

