#
# There is insufficient memory for the Java Runtime Environment to continue.
# Native memory allocation (malloc) failed to allocate 1048576 bytes for AllocateHeap
# Possible reasons:
#   The system is out of physical RAM or swap space
#   The process is running with CompressedOops enabled, and the Java Heap may be blocking the growth of the native heap
# Possible solutions:
#   Reduce memory load on the system
#   Increase physical memory or swap space
#   Check if swap backing store is full
#   Decrease Java heap size (-Xmx/-Xms)
#   Decrease number of Java threads
#   Decrease Java thread stack sizes (-Xss)
#   Set larger code cache with -XX:ReservedCodeCacheSize=
#   JVM is running with Unscaled Compressed Oops mode in which the Java heap is
#     placed in the first 4GB address space. The Java Heap base address is the
#     maximum limit for the native heap growth. Please use -XX:HeapBaseMinAddress
#     to set the Java Heap base and to place the Java Heap above 4GB virtual address.
# This output file may be truncated or incomplete.
#
#  Out of Memory Error (memory/allocation.inline.hpp:61), pid=69056, tid=0x0000000000013674
#
# JRE version:  (8.0_301-b09) (build )
# Java VM: Java HotSpot(TM) 64-Bit Server VM (25.301-b09 mixed mode windows-amd64 compressed oops)
# Failed to write core dump. Minidumps are not enabled by default on client versions of Windows
#

---------------  T H R E A D  ---------------

Current thread (0x00000207ea7e2800):  JavaThread "Unknown thread" [_thread_in_vm, id=79476, stack(0x0000004759100000,0x0000004759200000)]

Stack: [0x0000004759100000,0x0000004759200000]
Native frames: (J=compiled Java code, j=interpreted, Vv=VM code, C=native code)
V  [jvm.dll+0x32ed79]
V  [jvm.dll+0x275722]
V  [jvm.dll+0x2763cd]
V  [jvm.dll+0x26ce05]
V  [jvm.dll+0x509d]
V  [jvm.dll+0x3c964d]
V  [jvm.dll+0x3ca3ca]
V  [jvm.dll+0x3c6367]
V  [jvm.dll+0xfcdcf]
V  [jvm.dll+0x20a0bb]
V  [jvm.dll+0x238ae7]
V  [jvm.dll+0x162876]
C  [java.exe+0x2312]
C  [java.exe+0x15f54]
C  [KERNEL32.DLL+0x126bd]
C  [ntdll.dll+0x5dfb8]


---------------  P R O C E S S  ---------------

Java Threads: ( => current thread )

Other Threads:

=>0x00000207ea7e2800 (exited) JavaThread "Unknown thread" [_thread_in_vm, id=79476, stack(0x0000004759100000,0x0000004759200000)]

VM state:not at safepoint (normal execution)

VM Mutex/Monitor currently owned by a thread: None

heap address: 0x00000000a2400000, size: 1500 MB, Compressed Oops mode: 32-bit
Narrow klass base: 0x0000000000000000, Narrow klass shift: 3
Compressed class space size: 1073741824 Address: 0x0000000100000000

Heap:
 PSYoungGen      total 28160K, used 491K [0x00000000e0c00000, 0x00000000e2b00000, 0x0000000100000000)
  eden space 24576K, 2% used [0x00000000e0c00000,0x00000000e0c7ae20,0x00000000e2400000)
  from space 3584K, 0% used [0x00000000e2780000,0x00000000e2780000,0x00000000e2b00000)
  to   space 3584K, 0% used [0x00000000e2400000,0x00000000e2400000,0x00000000e2780000)
 ParOldGen       total 64512K, used 0K [0x00000000a2400000, 0x00000000a6300000, 0x00000000e0c00000)
  object space 64512K, 0% used [0x00000000a2400000,0x00000000a2400000,0x00000000a6300000)
 Metaspace       used 778K, capacity 4480K, committed 4480K, reserved 1056768K
  class space    used 76K, capacity 384K, committed 384K, reserved 1048576K

Card table byte_map: [0x00000207fb4b0000,0x00000207fb7a0000] byte_map_base: 0x00000207faf9e000

Marking Bits: (ParMarkBitMap*) 0x0000000059807fe0
 Begin Bits: [0x00000207fb9a0000, 0x00000207fd110000)
 End Bits:   [0x00000207fd110000, 0x00000207fe880000)

Polling page: 0x00000207ec0c0000

CodeCache: size=245760Kb used=327Kb max_used=327Kb free=245432Kb
 bounds [0x00000207ec0f0000, 0x00000207ec360000, 0x00000207fb0f0000]
 total_blobs=57 nmethods=0 adapters=38
 compilation: enabled

Compilation events (0 events):
No events

GC Heap History (0 events):
No events

Deoptimization events (0 events):
No events

Classes redefined (0 events):
No events

Internal exceptions (0 events):
No events

Events (10 events):
Event: 0.018 loading class java/lang/Short
Event: 0.018 loading class java/lang/Short done
Event: 0.018 loading class java/lang/Integer
Event: 0.019 loading class java/lang/Integer done
Event: 0.019 loading class java/lang/Long
Event: 0.019 loading class java/lang/Long done
Event: 0.019 loading class java/lang/NullPointerException
Event: 0.019 loading class java/lang/NullPointerException done
Event: 0.019 loading class java/lang/ArithmeticException
Event: 0.019 loading class java/lang/ArithmeticException done


Dynamic libraries:
0x00007ff66e870000 - 0x00007ff66e8b7000 	C:\Program Files\Java\jdk1.8.0_301\bin\java.exe
0x00007ff848710000 - 0x00007ff848924000 	C:\WINDOWS\SYSTEM32\ntdll.dll
0x00007ff846c90000 - 0x00007ff846d53000 	C:\WINDOWS\System32\KERNEL32.DLL
0x00007ff845ec0000 - 0x00007ff84625c000 	C:\WINDOWS\System32\KERNELBASE.dll
0x00007ff846be0000 - 0x00007ff846c8e000 	C:\WINDOWS\System32\ADVAPI32.dll
0x00007ff846e10000 - 0x00007ff846eb7000 	C:\WINDOWS\System32\msvcrt.dll
0x00007ff846d60000 - 0x00007ff846e04000 	C:\WINDOWS\System32\sechost.dll
0x00007ff8485b0000 - 0x00007ff8486c5000 	C:\WINDOWS\System32\RPCRT4.dll
0x00007ff848170000 - 0x00007ff84831d000 	C:\WINDOWS\System32\USER32.dll
0x00007ff8463d0000 - 0x00007ff8463f6000 	C:\WINDOWS\System32\win32u.dll
0x00007ff846ec0000 - 0x00007ff846ee9000 	C:\WINDOWS\System32\GDI32.dll
0x00007ff845b50000 - 0x00007ff845c62000 	C:\WINDOWS\System32\gdi32full.dll
0x00007ff845e20000 - 0x00007ff845eba000 	C:\WINDOWS\System32\msvcp_win.dll
0x00007ff846400000 - 0x00007ff846511000 	C:\WINDOWS\System32\ucrtbase.dll
0x00007ff82d350000 - 0x00007ff82d5de000 	C:\WINDOWS\WinSxS\amd64_microsoft.windows.common-controls_6595b64144ccf1df_6.0.22621.608_none_a9444ca7c10bb01d\COMCTL32.dll
0x00007ff847da0000 - 0x00007ff847dd2000 	C:\WINDOWS\System32\IMM32.DLL
0x00007ff83e640000 - 0x00007ff83e655000 	C:\Program Files\Java\jdk1.8.0_301\jre\bin\vcruntime140.dll
0x00007ff821c80000 - 0x00007ff821d1b000 	C:\Program Files\Java\jdk1.8.0_301\jre\bin\msvcp140.dll
0x0000000059020000 - 0x0000000059880000 	C:\Program Files\Java\jdk1.8.0_301\jre\bin\server\jvm.dll
0x00007ff848430000 - 0x00007ff848438000 	C:\WINDOWS\System32\PSAPI.DLL
0x00007ff83ebc0000 - 0x00007ff83ebf4000 	C:\WINDOWS\SYSTEM32\WINMM.dll
0x00007ff83d350000 - 0x00007ff83d35a000 	C:\WINDOWS\SYSTEM32\VERSION.dll
0x00007ff841200000 - 0x00007ff841209000 	C:\WINDOWS\SYSTEM32\WSOCK32.dll
0x00007ff847d20000 - 0x00007ff847d91000 	C:\WINDOWS\System32\WS2_32.dll
0x00007ff844b60000 - 0x00007ff844b78000 	C:\WINDOWS\SYSTEM32\kernel.appcore.dll
0x00007ff83fd80000 - 0x00007ff83fd90000 	C:\Program Files\Java\jdk1.8.0_301\jre\bin\verify.dll
0x00007ff837110000 - 0x00007ff83713b000 	C:\Program Files\Java\jdk1.8.0_301\jre\bin\java.dll
0x00007ff83c050000 - 0x00007ff83c068000 	C:\Program Files\Java\jdk1.8.0_301\jre\bin\zip.dll
0x00007ff843620000 - 0x00007ff84384e000 	C:\WINDOWS\SYSTEM32\dbghelp.dll
0x00007ff847de0000 - 0x00007ff84816a000 	C:\WINDOWS\System32\combase.dll
0x00007ff846520000 - 0x00007ff8465f7000 	C:\WINDOWS\System32\OLEAUT32.dll
0x00007ff845da0000 - 0x00007ff845e1b000 	C:\WINDOWS\System32\bcryptPrimitives.dll

VM Arguments:
jvm_args: -Dfile.encoding=UTF-8 
java_command: main.MainGUI
java_class_path (initial): C:\Users\Karim\OneDrive\Documents\Ines\pidev\Library\fontawesomefx-8.9.jar;C:\Users\Karim\OneDrive\Documents\Ines\pidev\Library\fontawesomefx-glyphsbrowser-all-1.0.jar;C:\Users\Karim\OneDrive\Documents\Ines\pidev\Library\jfoenix-8.0.1.jar;C:\Users\Karim\OneDrive\Documents\Ines\pidev\Library\junit-4.13.2.jar;C:\Users\Karim\OneDrive\Documents\Ines\pidev\Library\mysql-connector-java-8.0.19.jar;C:\Users\Karim\OneDrive\Documents\NetBeansProjects\GestionOffreV17_2\build\classes
Launcher Type: SUN_STANDARD

Environment Variables:
JAVA_HOME=C:\Program Files\Java\jdk1.8.0_301
PATH=C:\oraclexe\app\oracle\product\10.2.0\server\bin;C:\Program Files (x86)\Common Files\Oracle\Java\javapath;C:\Windows\system32;C:\Windows;C:\Windows\System32\Wbem;C:\Windows\System32\WindowsPowerShell\v1.0\;C:\Windows\System32\OpenSSH\;C:\Program Files (x86)\NVIDIA Corporation\PhysX\Common;C:\Program Files\NVIDIA Corporation\NVIDIA NvDLISR;C:\WINDOWS\system32;C:\WINDOWS;C:\WINDOWS\System32\Wbem;C:\WINDOWS\System32\WindowsPowerShell\v1.0\;C:\WINDOWS\System32\OpenSSH\;C:\Program Files\Git\cmd;C:\Program Files (x86)\GnuWin32\bin;C:\Program Files (x86)\CodeBlocks\MinGW\bin;C:\Users\Karim\AppData\Local\Microsoft\WindowsApps;;C:\Users\Karim\AppData\Local\Programs\Microsoft VS Code\bin
USERNAME=Karim
OS=Windows_NT
PROCESSOR_IDENTIFIER=AMD64 Family 25 Model 80 Stepping 0, AuthenticAMD



---------------  S Y S T E M  ---------------

OS: Windows 10.0 , 64 bit Build 22621 (10.0.22621.1194)

CPU:total 12 (initial active 12) (12 cores per cpu, 1 threads per core) family 25 model 80 stepping 0, cmov, cx8, fxsr, mmx, sse, sse2, sse3, ssse3, sse4.1, sse4.2, popcnt, avx, avx2, aes, clmul, erms, mmxext, 3dnowpref, lzcnt, sse4a, tsc, tscinvbit, tscinv, bmi1

Memory: 4k page, physical 6139972k(228936k free), swap 25014340k(4252k free)

vm_info: Java HotSpot(TM) 64-Bit Server VM (25.301-b09) for windows-amd64 JRE (1.8.0_301-b09), built on Jun  9 2021 06:46:21 by "java_re" with MS VC++ 15.9 (VS2017)

time: Tue Mar  7 21:54:00 2023
timezone: Paris, Madrid
elapsed time: 0.038131 seconds (0d 0h 0m 0s)

