#
# There is insufficient memory for the Java Runtime Environment to continue.
# Native memory allocation (malloc) failed to allocate 148096 bytes for Chunk::new
# Possible reasons:
#   The system is out of physical RAM or swap space
#   The process is running with CompressedOops enabled, and the Java Heap may be blocking the growth of the native heap
# Possible solutions:
#   Reduce memory load on the system
#   Increase physical memory or swap space
#   Check if swap backing store is full
#   Decrease Java heap size (-Xmx/-Xms)
#   Decrease number of Java threads
#   Decrease Java thread stack sizes (-Xss)
#   Set larger code cache with -XX:ReservedCodeCacheSize=
#   JVM is running with Unscaled Compressed Oops mode in which the Java heap is
#     placed in the first 4GB address space. The Java Heap base address is the
#     maximum limit for the native heap growth. Please use -XX:HeapBaseMinAddress
#     to set the Java Heap base and to place the Java Heap above 4GB virtual address.
# This output file may be truncated or incomplete.
#
#  Out of Memory Error (allocation.cpp:389), pid=80976, tid=0x00000000000114e4
#
# JRE version: Java(TM) SE Runtime Environment (8.0_301-b09) (build 1.8.0_301-b09)
# Java VM: Java HotSpot(TM) 64-Bit Server VM (25.301-b09 mixed mode windows-amd64 compressed oops)
# Failed to write core dump. Minidumps are not enabled by default on client versions of Windows
#

---------------  T H R E A D  ---------------

Current thread (0x0000028aa1925000):  JavaThread "C2 CompilerThread0" daemon [_thread_in_native, id=70884, stack(0x000000e463000000,0x000000e463100000)]

Stack: [0x000000e463000000,0x000000e463100000]
Native frames: (J=compiled Java code, j=interpreted, Vv=VM code, C=native code)
V  [jvm.dll+0x32ed79]
V  [jvm.dll+0x275722]
V  [jvm.dll+0x2763cd]
V  [jvm.dll+0x26ce05]
V  [jvm.dll+0xd551c]
V  [jvm.dll+0xd5d1c]
V  [jvm.dll+0x452c72]
V  [jvm.dll+0x48dcdd]
V  [jvm.dll+0x442c71]
V  [jvm.dll+0x43fee4]
V  [jvm.dll+0x42ae57]
V  [jvm.dll+0xac1bb]
V  [jvm.dll+0xaa81b]
V  [jvm.dll+0x23ddc2]
V  [jvm.dll+0x2923dc]
C  [ucrtbase.dll+0x29363]
C  [KERNEL32.DLL+0x126bd]
C  [ntdll.dll+0x5dfb8]


Current CompileTask:
C2:   1123 1088       4       jdk.internal.org.objectweb.asm.ClassWriter::newUTF8 (70 bytes)


---------------  P R O C E S S  ---------------

Java Threads: ( => current thread )
  0x0000028aa46de000 JavaThread "mysql-cj-abandoned-connection-cleanup" daemon [_thread_blocked, id=66340, stack(0x000000e463e00000,0x000000e463f00000)]
  0x0000028aa4748000 JavaThread "Prism Font Disposer" daemon [_thread_blocked, id=81852, stack(0x000000e463d00000,0x000000e463e00000)]
  0x0000028aa44a4800 JavaThread "Thread-3" daemon [_thread_in_native, id=81776, stack(0x000000e463b00000,0x000000e463c00000)]
  0x0000028aa45bb000 JavaThread "JavaFX-Launcher" [_thread_blocked, id=81768, stack(0x000000e463c00000,0x000000e463d00000)]
  0x0000028aa4473800 JavaThread "JavaFX Application Thread" [_thread_in_vm, id=81796, stack(0x000000e463a00000,0x000000e463b00000)]
  0x0000028aa4468000 JavaThread "Thread-1" daemon [_thread_blocked, id=70140, stack(0x000000e463900000,0x000000e463a00000)]
  0x0000028aa439e000 JavaThread "QuantumRenderer-0" daemon [_thread_blocked, id=36256, stack(0x000000e463600000,0x000000e463700000)]
  0x0000028aa3e49000 JavaThread "Service Thread" daemon [_thread_blocked, id=76984, stack(0x000000e463400000,0x000000e463500000)]
  0x0000028aa1937000 JavaThread "C1 CompilerThread3" daemon [_thread_blocked, id=66972, stack(0x000000e463300000,0x000000e463400000)]
  0x0000028aa1929800 JavaThread "C2 CompilerThread2" daemon [_thread_in_native, id=35500, stack(0x000000e463200000,0x000000e463300000)]
  0x0000028aa1927000 JavaThread "C2 CompilerThread1" daemon [_thread_blocked, id=78816, stack(0x000000e463100000,0x000000e463200000)]
=>0x0000028aa1925000 JavaThread "C2 CompilerThread0" daemon [_thread_in_native, id=70884, stack(0x000000e463000000,0x000000e463100000)]
  0x0000028aa1924000 JavaThread "Attach Listener" daemon [_thread_blocked, id=62336, stack(0x000000e462f00000,0x000000e463000000)]
  0x0000028aa1922800 JavaThread "Signal Dispatcher" daemon [_thread_blocked, id=75700, stack(0x000000e462e00000,0x000000e462f00000)]
  0x0000028aa18f9000 JavaThread "Finalizer" daemon [_thread_blocked, id=76808, stack(0x000000e462d00000,0x000000e462e00000)]
  0x0000028aa18f2000 JavaThread "Reference Handler" daemon [_thread_blocked, id=81520, stack(0x000000e462c00000,0x000000e462d00000)]
  0x0000028a8ca81800 JavaThread "main" [_thread_blocked, id=77292, stack(0x000000e462000000,0x000000e462100000)]

Other Threads:
  0x0000028aa18c8000 VMThread [stack: 0x000000e462b00000,0x000000e462c00000] [id=64080]
  0x0000028aa3e5d000 WatcherThread [stack: 0x000000e463500000,0x000000e463600000] [id=76180]

VM state:not at safepoint (normal execution)

VM Mutex/Monitor currently owned by a thread: None

heap address: 0x00000000a2400000, size: 1500 MB, Compressed Oops mode: 32-bit
Narrow klass base: 0x0000000000000000, Narrow klass shift: 3
Compressed class space size: 1073741824 Address: 0x0000000100000000

Heap:
 PSYoungGen      total 28160K, used 7188K [0x00000000e0c00000, 0x00000000e2b00000, 0x0000000100000000)
  eden space 24576K, 14% used [0x00000000e0c00000,0x00000000e0f85a88,0x00000000e2400000)
  from space 3584K, 99% used [0x00000000e2780000,0x00000000e2aff6d0,0x00000000e2b00000)
  to   space 3584K, 0% used [0x00000000e2400000,0x00000000e2400000,0x00000000e2780000)
 ParOldGen       total 47104K, used 7305K [0x00000000a2400000, 0x00000000a5200000, 0x00000000e0c00000)
  object space 47104K, 15% used [0x00000000a2400000,0x00000000a2b22750,0x00000000a5200000)
 Metaspace       used 16172K, capacity 16706K, committed 16896K, reserved 1071104K
  class space    used 2100K, capacity 2265K, committed 2304K, reserved 1048576K

Card table byte_map: [0x0000028a9d780000,0x0000028a9da70000] byte_map_base: 0x0000028a9d26e000

Marking Bits: (ParMarkBitMap*) 0x0000000059807fe0
 Begin Bits: [0x0000028a9dc70000, 0x0000028a9f3e0000)
 End Bits:   [0x0000028a9f3e0000, 0x0000028aa0b50000)

Polling page: 0x0000028a8cb60000

CodeCache: size=245760Kb used=3880Kb max_used=3892Kb free=241879Kb
 bounds [0x0000028a8e3c0000, 0x0000028a8e790000, 0x0000028a9d3c0000]
 total_blobs=1622 nmethods=1100 adapters=435
 compilation: enabled

Compilation events (10 events):
Event: 1.101 Thread 0x0000028aa1937000 nmethod 1079 0x0000028a8e787c10 code [0x0000028a8e787d60, 0x0000028a8e787e78]
Event: 1.101 Thread 0x0000028aa1925000 1088       4       jdk.internal.org.objectweb.asm.ClassWriter::newUTF8 (70 bytes)
Event: 1.101 Thread 0x0000028aa1929800 1089       4       jdk.internal.org.objectweb.asm.ByteVector::putByte (39 bytes)
Event: 1.101 Thread 0x0000028aa1937000 1090       1       java.lang.invoke.MethodType::parameterType (7 bytes)
Event: 1.101 Thread 0x0000028aa1937000 nmethod 1090 0x0000028a8e787ed0 code [0x0000028a8e788020, 0x0000028a8e788158]
Event: 1.102 Thread 0x0000028aa1937000 1091       3       java.lang.invoke.InnerClassLambdaMetafactory::getLoadOpcode (25 bytes)
Event: 1.102 Thread 0x0000028aa1937000 nmethod 1091 0x0000028a8e78af10 code [0x0000028a8e78b0a0, 0x0000028a8e78b320]
Event: 1.102 Thread 0x0000028aa1929800 nmethod 1089 0x0000028a8e78b410 code [0x0000028a8e78b560, 0x0000028a8e78b688]
Event: 1.102 Thread 0x0000028aa1937000 1092       3       java.lang.invoke.InnerClassLambdaMetafactory::getParameterSize (27 bytes)
Event: 1.102 Thread 0x0000028aa1937000 nmethod 1092 0x0000028a8e78aad0 code [0x0000028a8e78ac40, 0x0000028a8e78ae78]

GC Heap History (6 events):
Event: 0.534 GC heap before
{Heap before GC invocations=1 (full 0):
 PSYoungGen      total 28160K, used 10995K [0x00000000e0c00000, 0x00000000e2b00000, 0x0000000100000000)
  eden space 24576K, 44% used [0x00000000e0c00000,0x00000000e16bcd50,0x00000000e2400000)
  from space 3584K, 0% used [0x00000000e2780000,0x00000000e2780000,0x00000000e2b00000)
  to   space 3584K, 0% used [0x00000000e2400000,0x00000000e2400000,0x00000000e2780000)
 ParOldGen       total 64512K, used 0K [0x00000000a2400000, 0x00000000a6300000, 0x00000000e0c00000)
  object space 64512K, 0% used [0x00000000a2400000,0x00000000a2400000,0x00000000a6300000)
 Metaspace       used 7549K, capacity 7904K, committed 8064K, reserved 1062912K
  class space    used 911K, capacity 1033K, committed 1152K, reserved 1048576K
Event: 0.535 GC heap after
Heap after GC invocations=1 (full 0):
 PSYoungGen      total 28160K, used 1366K [0x00000000e0c00000, 0x00000000e2b00000, 0x0000000100000000)
  eden space 24576K, 0% used [0x00000000e0c00000,0x00000000e0c00000,0x00000000e2400000)
  from space 3584K, 38% used [0x00000000e2400000,0x00000000e2555ac0,0x00000000e2780000)
  to   space 3584K, 0% used [0x00000000e2780000,0x00000000e2780000,0x00000000e2b00000)
 ParOldGen       total 64512K, used 8K [0x00000000a2400000, 0x00000000a6300000, 0x00000000e0c00000)
  object space 64512K, 0% used [0x00000000a2400000,0x00000000a2402000,0x00000000a6300000)
 Metaspace       used 7549K, capacity 7904K, committed 8064K, reserved 1062912K
  class space    used 911K, capacity 1033K, committed 1152K, reserved 1048576K
}
Event: 0.535 GC heap before
{Heap before GC invocations=2 (full 1):
 PSYoungGen      total 28160K, used 1366K [0x00000000e0c00000, 0x00000000e2b00000, 0x0000000100000000)
  eden space 24576K, 0% used [0x00000000e0c00000,0x00000000e0c00000,0x00000000e2400000)
  from space 3584K, 38% used [0x00000000e2400000,0x00000000e2555ac0,0x00000000e2780000)
  to   space 3584K, 0% used [0x00000000e2780000,0x00000000e2780000,0x00000000e2b00000)
 ParOldGen       total 64512K, used 8K [0x00000000a2400000, 0x00000000a6300000, 0x00000000e0c00000)
  object space 64512K, 0% used [0x00000000a2400000,0x00000000a2402000,0x00000000a6300000)
 Metaspace       used 7549K, capacity 7904K, committed 8064K, reserved 1062912K
  class space    used 911K, capacity 1033K, committed 1152K, reserved 1048576K
Event: 0.541 GC heap after
Heap after GC invocations=2 (full 1):
 PSYoungGen      total 28160K, used 0K [0x00000000e0c00000, 0x00000000e2b00000, 0x0000000100000000)
  eden space 24576K, 0% used [0x00000000e0c00000,0x00000000e0c00000,0x00000000e2400000)
  from space 3584K, 0% used [0x00000000e2400000,0x00000000e2400000,0x00000000e2780000)
  to   space 3584K, 0% used [0x00000000e2780000,0x00000000e2780000,0x00000000e2b00000)
 ParOldGen       total 47104K, used 1206K [0x00000000a2400000, 0x00000000a5200000, 0x00000000e0c00000)
  object space 47104K, 2% used [0x00000000a2400000,0x00000000a252d868,0x00000000a5200000)
 Metaspace       used 7549K, capacity 7904K, committed 8064K, reserved 1060864K
  class space    used 911K, capacity 1033K, committed 1152K, reserved 1048576K
}
Event: 1.040 GC heap before
{Heap before GC invocations=3 (full 1):
 PSYoungGen      total 28160K, used 24576K [0x00000000e0c00000, 0x00000000e2b00000, 0x0000000100000000)
  eden space 24576K, 100% used [0x00000000e0c00000,0x00000000e2400000,0x00000000e2400000)
  from space 3584K, 0% used [0x00000000e2400000,0x00000000e2400000,0x00000000e2780000)
  to   space 3584K, 0% used [0x00000000e2780000,0x00000000e2780000,0x00000000e2b00000)
 ParOldGen       total 47104K, used 1206K [0x00000000a2400000, 0x00000000a5200000, 0x00000000e0c00000)
  object space 47104K, 2% used [0x00000000a2400000,0x00000000a252d868,0x00000000a5200000)
 Metaspace       used 14972K, capacity 15534K, committed 15744K, reserved 1067008K
  class space    used 1910K, capacity 2065K, committed 2176K, reserved 1048576K
Event: 1.045 GC heap after
Heap after GC invocations=3 (full 1):
 PSYoungGen      total 28160K, used 3581K [0x00000000e0c00000, 0x00000000e2b00000, 0x0000000100000000)
  eden space 24576K, 0% used [0x00000000e0c00000,0x00000000e0c00000,0x00000000e2400000)
  from space 3584K, 99% used [0x00000000e2780000,0x00000000e2aff6d0,0x00000000e2b00000)
  to   space 3584K, 0% used [0x00000000e2400000,0x00000000e2400000,0x00000000e2780000)
 ParOldGen       total 47104K, used 7305K [0x00000000a2400000, 0x00000000a5200000, 0x00000000e0c00000)
  object space 47104K, 15% used [0x00000000a2400000,0x00000000a2b22750,0x00000000a5200000)
 Metaspace       used 14972K, capacity 15534K, committed 15744K, reserved 1067008K
  class space    used 1910K, capacity 2065K, committed 2176K, reserved 1048576K
}

Deoptimization events (10 events):
Event: 0.626 Thread 0x0000028aa4473800 Uncommon trap: reason=unstable_if action=reinterpret pc=0x0000028a8e633ad4 method=java.util.HashMap.getNode(ILjava/lang/Object;)Ljava/util/HashMap$Node; @ 84
Event: 0.828 Thread 0x0000028aa4473800 Uncommon trap: reason=unstable_if action=reinterpret pc=0x0000028a8e6e34cc method=com.sun.javafx.image.impl.ByteBgra$ToByteBgraPreConv.doConvert([BII[BIIII)V @ 31
Event: 0.828 Thread 0x0000028aa4473800 Uncommon trap: reason=unstable_if action=reinterpret pc=0x0000028a8e6e085c method=com.sun.javafx.image.impl.BaseByteToByteConverter$FourByteReorderer.doConvert([BII[BIIII)V @ 31
Event: 0.835 Thread 0x0000028aa4473800 Uncommon trap: reason=unstable_if action=reinterpret pc=0x0000028a8e6ed1cc method=com.sun.javafx.image.impl.ByteBgra$ToByteBgraPreConv.doConvert([BII[BIIII)V @ 80
Event: 0.864 Thread 0x0000028aa4473800 Uncommon trap: reason=unstable_if action=reinterpret pc=0x0000028a8e6d9b74 method=sun.net.www.ParseUtil.encodePath(Ljava/lang/String;Z)Ljava/lang/String; @ 109
Event: 0.878 Thread 0x0000028aa46de000 Uncommon trap: reason=unstable_if action=reinterpret pc=0x0000028a8e5a90f8 method=java.lang.String.indexOf([CII[CIII)I @ 3
Event: 0.878 Thread 0x0000028aa4473800 Uncommon trap: reason=unstable_if action=reinterpret pc=0x0000028a8e6bdb9c method=java.lang.AbstractStringBuilder.append(Ljava/lang/String;)Ljava/lang/AbstractStringBuilder; @ 1
Event: 1.064 Thread 0x0000028aa4473800 Uncommon trap: reason=unstable_if action=reinterpret pc=0x0000028a8e72bde0 method=java.util.Properties.loadConvert([CII[C)Ljava/lang/String; @ 4
Event: 1.064 Thread 0x0000028aa4473800 Uncommon trap: reason=unstable_if action=reinterpret pc=0x0000028a8e72e44c method=java.util.Properties$LineReader.readLine()I @ 252
Event: 1.087 Thread 0x0000028aa4473800 Uncommon trap: reason=unstable_if action=reinterpret pc=0x0000028a8e6dbd7c method=sun.nio.cs.UTF_8$Decoder.decode([BII[C)I @ 30

Classes redefined (0 events):
No events

Internal exceptions (10 events):
Event: 0.568 Thread 0x0000028aa4473800 Exception <a 'java/lang/NullPointerException'> (0x00000000e0e1be00) thrown at [C:\jenkins\workspace\8-2-build-windows-amd64-cygwin\jdk8u301\1513\hotspot\src\share\vm\prims\jvm.cpp, line 1527]
Event: 0.681 Thread 0x0000028aa4473800 Exception <a 'java/lang/ArrayIndexOutOfBoundsException'> (0x00000000e13d8f30) thrown at [C:\jenkins\workspace\8-2-build-windows-amd64-cygwin\jdk8u301\1513\hotspot\src\share\vm\runtime\sharedRuntime.cpp, line 609]
Event: 0.682 Thread 0x0000028aa4473800 Exception <a 'java/lang/ArrayIndexOutOfBoundsException'> (0x00000000e13d9c18) thrown at [C:\jenkins\workspace\8-2-build-windows-amd64-cygwin\jdk8u301\1513\hotspot\src\share\vm\runtime\sharedRuntime.cpp, line 609]
Event: 0.682 Thread 0x0000028aa4473800 Exception <a 'java/lang/ArrayIndexOutOfBoundsException'> (0x00000000e13da980) thrown at [C:\jenkins\workspace\8-2-build-windows-amd64-cygwin\jdk8u301\1513\hotspot\src\share\vm\runtime\sharedRuntime.cpp, line 609]
Event: 0.683 Thread 0x0000028aa4473800 Exception <a 'java/lang/ArrayIndexOutOfBoundsException'> (0x00000000e13dc450) thrown at [C:\jenkins\workspace\8-2-build-windows-amd64-cygwin\jdk8u301\1513\hotspot\src\share\vm\runtime\sharedRuntime.cpp, line 609]
Event: 0.683 Thread 0x0000028aa4473800 Exception <a 'java/lang/ArrayIndexOutOfBoundsException'> (0x00000000e13dd868) thrown at [C:\jenkins\workspace\8-2-build-windows-amd64-cygwin\jdk8u301\1513\hotspot\src\share\vm\runtime\sharedRuntime.cpp, line 609]
Event: 0.689 Thread 0x0000028aa4473800 Exception <a 'java/lang/ArrayIndexOutOfBoundsException'> (0x00000000e1401898) thrown at [C:\jenkins\workspace\8-2-build-windows-amd64-cygwin\jdk8u301\1513\hotspot\src\share\vm\runtime\sharedRuntime.cpp, line 609]
Event: 0.723 Thread 0x0000028aa4473800 Exception <a 'java/io/FileNotFoundException'> (0x00000000e1511a50) thrown at [C:\jenkins\workspace\8-2-build-windows-amd64-cygwin\jdk8u301\1513\hotspot\src\share\vm\prims\jni.cpp, line 710]
Event: 0.759 Thread 0x0000028aa4473800 Exception <a 'java/io/FileNotFoundException'> (0x00000000e156d500) thrown at [C:\jenkins\workspace\8-2-build-windows-amd64-cygwin\jdk8u301\1513\hotspot\src\share\vm\prims\jni.cpp, line 710]
Event: 0.878 Thread 0x0000028aa4473800 Implicit null exception at 0x0000028a8e6bd7d9 to 0x0000028a8e6bdb85

Events (10 events):
Event: 1.103 loading class javafx/scene/Scene$47
Event: 1.103 loading class javafx/scene/Scene$47 done
Event: 1.103 loading class javafx/scene/Scene$48
Event: 1.103 loading class javafx/scene/Scene$48 done
Event: 1.104 loading class javafx/scene/Scene$44
Event: 1.104 loading class javafx/scene/Scene$44 done
Event: 1.104 loading class javafx/scene/Scene$46
Event: 1.104 loading class javafx/scene/Scene$46 done
Event: 1.104 loading class javafx/scene/Scene$28
Event: 1.104 loading class javafx/scene/Scene$28 done


Dynamic libraries:
0x00007ff66e870000 - 0x00007ff66e8b7000 	C:\Program Files\Java\jdk1.8.0_301\bin\java.exe
0x00007ff848710000 - 0x00007ff848924000 	C:\WINDOWS\SYSTEM32\ntdll.dll
0x00007ff846c90000 - 0x00007ff846d53000 	C:\WINDOWS\System32\KERNEL32.DLL
0x00007ff845ec0000 - 0x00007ff84625c000 	C:\WINDOWS\System32\KERNELBASE.dll
0x00007ff846be0000 - 0x00007ff846c8e000 	C:\WINDOWS\System32\ADVAPI32.dll
0x00007ff846e10000 - 0x00007ff846eb7000 	C:\WINDOWS\System32\msvcrt.dll
0x00007ff846d60000 - 0x00007ff846e04000 	C:\WINDOWS\System32\sechost.dll
0x00007ff8485b0000 - 0x00007ff8486c5000 	C:\WINDOWS\System32\RPCRT4.dll
0x00007ff848170000 - 0x00007ff84831d000 	C:\WINDOWS\System32\USER32.dll
0x00007ff8463d0000 - 0x00007ff8463f6000 	C:\WINDOWS\System32\win32u.dll
0x00007ff846ec0000 - 0x00007ff846ee9000 	C:\WINDOWS\System32\GDI32.dll
0x00007ff845b50000 - 0x00007ff845c62000 	C:\WINDOWS\System32\gdi32full.dll
0x00007ff845e20000 - 0x00007ff845eba000 	C:\WINDOWS\System32\msvcp_win.dll
0x00007ff846400000 - 0x00007ff846511000 	C:\WINDOWS\System32\ucrtbase.dll
0x00007ff82d350000 - 0x00007ff82d5de000 	C:\WINDOWS\WinSxS\amd64_microsoft.windows.common-controls_6595b64144ccf1df_6.0.22621.608_none_a9444ca7c10bb01d\COMCTL32.dll
0x00007ff847da0000 - 0x00007ff847dd2000 	C:\WINDOWS\System32\IMM32.DLL
0x00007ff83e640000 - 0x00007ff83e655000 	C:\Program Files\Java\jdk1.8.0_301\jre\bin\vcruntime140.dll
0x00007ff821c80000 - 0x00007ff821d1b000 	C:\Program Files\Java\jdk1.8.0_301\jre\bin\msvcp140.dll
0x0000000059020000 - 0x0000000059880000 	C:\Program Files\Java\jdk1.8.0_301\jre\bin\server\jvm.dll
0x00007ff848430000 - 0x00007ff848438000 	C:\WINDOWS\System32\PSAPI.DLL
0x00007ff841200000 - 0x00007ff841209000 	C:\WINDOWS\SYSTEM32\WSOCK32.dll
0x00007ff83d350000 - 0x00007ff83d35a000 	C:\WINDOWS\SYSTEM32\VERSION.dll
0x00007ff83ebc0000 - 0x00007ff83ebf4000 	C:\WINDOWS\SYSTEM32\WINMM.dll
0x00007ff847d20000 - 0x00007ff847d91000 	C:\WINDOWS\System32\WS2_32.dll
0x00007ff844b60000 - 0x00007ff844b78000 	C:\WINDOWS\SYSTEM32\kernel.appcore.dll
0x00007ff83fd80000 - 0x00007ff83fd90000 	C:\Program Files\Java\jdk1.8.0_301\jre\bin\verify.dll
0x00007ff837110000 - 0x00007ff83713b000 	C:\Program Files\Java\jdk1.8.0_301\jre\bin\java.dll
0x00007ff83c050000 - 0x00007ff83c068000 	C:\Program Files\Java\jdk1.8.0_301\jre\bin\zip.dll
0x00007ff846f80000 - 0x00007ff84776f000 	C:\WINDOWS\System32\SHELL32.dll
0x00007ff843b20000 - 0x00007ff8443e8000 	C:\WINDOWS\SYSTEM32\windows.storage.dll
0x00007ff847de0000 - 0x00007ff84816a000 	C:\WINDOWS\System32\combase.dll
0x00007ff8439e0000 - 0x00007ff843b1e000 	C:\WINDOWS\SYSTEM32\wintypes.dll
0x00007ff848440000 - 0x00007ff848531000 	C:\WINDOWS\System32\SHCORE.dll
0x00007ff8477f0000 - 0x00007ff84784e000 	C:\WINDOWS\System32\shlwapi.dll
0x00007ff845a80000 - 0x00007ff845aa1000 	C:\WINDOWS\SYSTEM32\profapi.dll
0x0000028aa4b70000 - 0x0000028aa4b73000 	C:\Program Files\Java\jdk1.8.0_301\jre\bin\api-ms-win-core-console-l1-1-0.dll
0x0000028aa4b80000 - 0x0000028aa4b83000 	C:\Program Files\Java\jdk1.8.0_301\jre\bin\api-ms-win-core-console-l1-2-0.dll
0x0000028aa4b90000 - 0x0000028aa4b93000 	C:\Program Files\Java\jdk1.8.0_301\jre\bin\api-ms-win-core-datetime-l1-1-0.dll
0x0000028aa4ba0000 - 0x0000028aa4ba3000 	C:\Program Files\Java\jdk1.8.0_301\jre\bin\api-ms-win-core-debug-l1-1-0.dll
0x0000028aa4bb0000 - 0x0000028aa4bb3000 	C:\Program Files\Java\jdk1.8.0_301\jre\bin\api-ms-win-core-errorhandling-l1-1-0.dll
0x0000028aa4bc0000 - 0x0000028aa4bc4000 	C:\Program Files\Java\jdk1.8.0_301\jre\bin\api-ms-win-core-file-l1-1-0.dll
0x0000028aa4bd0000 - 0x0000028aa4bd3000 	C:\Program Files\Java\jdk1.8.0_301\jre\bin\api-ms-win-core-file-l1-2-0.dll
0x0000028aa4be0000 - 0x0000028aa4be3000 	C:\Program Files\Java\jdk1.8.0_301\jre\bin\api-ms-win-core-file-l2-1-0.dll
0x0000028aa4bf0000 - 0x0000028aa4bf3000 	C:\Program Files\Java\jdk1.8.0_301\jre\bin\api-ms-win-core-handle-l1-1-0.dll
0x0000028aa4c00000 - 0x0000028aa4c03000 	C:\Program Files\Java\jdk1.8.0_301\jre\bin\api-ms-win-core-heap-l1-1-0.dll
0x0000028aa4c10000 - 0x0000028aa4c13000 	C:\Program Files\Java\jdk1.8.0_301\jre\bin\api-ms-win-core-interlocked-l1-1-0.dll
0x0000028aa4c20000 - 0x0000028aa4c23000 	C:\Program Files\Java\jdk1.8.0_301\jre\bin\api-ms-win-core-libraryloader-l1-1-0.dll
0x0000028aa4c30000 - 0x0000028aa4c33000 	C:\Program Files\Java\jdk1.8.0_301\jre\bin\api-ms-win-core-localization-l1-2-0.dll
0x0000028aa4c40000 - 0x0000028aa4c43000 	C:\Program Files\Java\jdk1.8.0_301\jre\bin\api-ms-win-core-memory-l1-1-0.dll
0x0000028aa4c50000 - 0x0000028aa4c53000 	C:\Program Files\Java\jdk1.8.0_301\jre\bin\api-ms-win-core-namedpipe-l1-1-0.dll
0x0000028aa4c60000 - 0x0000028aa4c63000 	C:\Program Files\Java\jdk1.8.0_301\jre\bin\api-ms-win-core-processenvironment-l1-1-0.dll
0x0000028aa4c70000 - 0x0000028aa4c73000 	C:\Program Files\Java\jdk1.8.0_301\jre\bin\api-ms-win-core-processthreads-l1-1-0.dll
0x0000028aa4c80000 - 0x0000028aa4c83000 	C:\Program Files\Java\jdk1.8.0_301\jre\bin\api-ms-win-core-processthreads-l1-1-1.dll
0x0000028aa4c90000 - 0x0000028aa4c93000 	C:\Program Files\Java\jdk1.8.0_301\jre\bin\api-ms-win-core-profile-l1-1-0.dll
0x0000028aa4ca0000 - 0x0000028aa4ca3000 	C:\Program Files\Java\jdk1.8.0_301\jre\bin\api-ms-win-core-rtlsupport-l1-1-0.dll
0x0000028aa4cb0000 - 0x0000028aa4cb3000 	C:\Program Files\Java\jdk1.8.0_301\jre\bin\api-ms-win-core-string-l1-1-0.dll
0x0000028aa4cc0000 - 0x0000028aa4cc3000 	C:\Program Files\Java\jdk1.8.0_301\jre\bin\api-ms-win-core-synch-l1-1-0.dll
0x0000028aa4cd0000 - 0x0000028aa4cd3000 	C:\Program Files\Java\jdk1.8.0_301\jre\bin\api-ms-win-core-synch-l1-2-0.dll
0x0000028aa4ce0000 - 0x0000028aa4ce3000 	C:\Program Files\Java\jdk1.8.0_301\jre\bin\api-ms-win-core-sysinfo-l1-1-0.dll
0x0000028aa4cf0000 - 0x0000028aa4cf3000 	C:\Program Files\Java\jdk1.8.0_301\jre\bin\api-ms-win-core-timezone-l1-1-0.dll
0x0000028aa4d00000 - 0x0000028aa4d03000 	C:\Program Files\Java\jdk1.8.0_301\jre\bin\api-ms-win-core-util-l1-1-0.dll
0x0000028aa4d10000 - 0x0000028aa4d13000 	C:\Program Files\Java\jdk1.8.0_301\jre\bin\api-ms-win-crt-conio-l1-1-0.dll
0x0000028aa4d20000 - 0x0000028aa4d24000 	C:\Program Files\Java\jdk1.8.0_301\jre\bin\api-ms-win-crt-convert-l1-1-0.dll
0x0000028aa4d30000 - 0x0000028aa4d33000 	C:\Program Files\Java\jdk1.8.0_301\jre\bin\api-ms-win-crt-environment-l1-1-0.dll
0x0000028aa4d40000 - 0x0000028aa4d43000 	C:\Program Files\Java\jdk1.8.0_301\jre\bin\api-ms-win-crt-filesystem-l1-1-0.dll
0x0000028aa4d50000 - 0x0000028aa4d53000 	C:\Program Files\Java\jdk1.8.0_301\jre\bin\api-ms-win-crt-heap-l1-1-0.dll
0x0000028aa4d60000 - 0x0000028aa4d63000 	C:\Program Files\Java\jdk1.8.0_301\jre\bin\api-ms-win-crt-locale-l1-1-0.dll
0x0000028aa4d70000 - 0x0000028aa4d75000 	C:\Program Files\Java\jdk1.8.0_301\jre\bin\api-ms-win-crt-math-l1-1-0.dll
0x0000028aa4d80000 - 0x0000028aa4d85000 	C:\Program Files\Java\jdk1.8.0_301\jre\bin\api-ms-win-crt-multibyte-l1-1-0.dll
0x0000028aa4d90000 - 0x0000028aa4da0000 	C:\Program Files\Java\jdk1.8.0_301\jre\bin\api-ms-win-crt-private-l1-1-0.dll
0x0000028aa4da0000 - 0x0000028aa4da3000 	C:\Program Files\Java\jdk1.8.0_301\jre\bin\api-ms-win-crt-process-l1-1-0.dll
0x0000028aa4db0000 - 0x0000028aa4db4000 	C:\Program Files\Java\jdk1.8.0_301\jre\bin\api-ms-win-crt-runtime-l1-1-0.dll
0x0000028aa4dc0000 - 0x0000028aa4dc4000 	C:\Program Files\Java\jdk1.8.0_301\jre\bin\api-ms-win-crt-stdio-l1-1-0.dll
0x0000028aa4dd0000 - 0x0000028aa4dd4000 	C:\Program Files\Java\jdk1.8.0_301\jre\bin\api-ms-win-crt-string-l1-1-0.dll
0x0000028aa4de0000 - 0x0000028aa4de3000 	C:\Program Files\Java\jdk1.8.0_301\jre\bin\api-ms-win-crt-time-l1-1-0.dll
0x0000028aa4df0000 - 0x0000028aa4df3000 	C:\Program Files\Java\jdk1.8.0_301\jre\bin\api-ms-win-crt-utility-l1-1-0.dll
0x00007ff805f20000 - 0x00007ff80601a000 	C:\Program Files\Java\jdk1.8.0_301\jre\bin\ucrtbase.dll
0x00007ff8400a0000 - 0x00007ff8400ac000 	C:\Program Files\Java\jdk1.8.0_301\jre\bin\vcruntime140_1.dll
0x00007ff82b8b0000 - 0x00007ff82b8d3000 	C:\Program Files\Java\jdk1.8.0_301\jre\bin\prism_d3d.dll
0x00007ff829180000 - 0x00007ff829329000 	C:\WINDOWS\system32\d3d9.dll
0x00007ff843020000 - 0x00007ff84304b000 	C:\WINDOWS\SYSTEM32\dwmapi.dll
0x00007ff842ec0000 - 0x00007ff842ef6000 	C:\WINDOWS\SYSTEM32\dxcore.dll
0x00007ff842db0000 - 0x00007ff842e5b000 	C:\WINDOWS\system32\uxtheme.dll
0x00007ff83b200000 - 0x00007ff83b3bb000 	C:\WINDOWS\System32\DriverStore\FileRepository\u0383722.inf_amd64_5cbaacf42cbd3812\B383240\aticfx64.dll
0x00007fffd6310000 - 0x00007fffd6344000 	C:\WINDOWS\System32\DriverStore\FileRepository\u0383722.inf_amd64_5cbaacf42cbd3812\B383240\atiu9p64.dll
0x00007fffcf980000 - 0x00007fffd06d5000 	C:\WINDOWS\System32\DriverStore\FileRepository\u0383722.inf_amd64_5cbaacf42cbd3812\B383240\atiumd64.dll
0x00007ff846600000 - 0x00007ff84679c000 	C:\WINDOWS\System32\ole32.dll
0x00007ff843620000 - 0x00007ff84384e000 	C:\WINDOWS\SYSTEM32\dbghelp.dll
0x00007ff846520000 - 0x00007ff8465f7000 	C:\WINDOWS\System32\OLEAUT32.dll
0x00007ff83a9b0000 - 0x00007ff83a9e2000 	C:\WINDOWS\SYSTEM32\dbgcore.DLL
0x00000000578e0000 - 0x0000000058807000 	C:\WINDOWS\System32\DriverStore\FileRepository\u0383722.inf_amd64_5cbaacf42cbd3812\B383240\atiumd6a.dll
0x00007ff8478a0000 - 0x00007ff847d1a000 	C:\WINDOWS\System32\SETUPAPI.dll
0x00007ff845a20000 - 0x00007ff845a6d000 	C:\WINDOWS\SYSTEM32\POWRPROF.dll
0x00007ff845a00000 - 0x00007ff845a13000 	C:\WINDOWS\SYSTEM32\UMPDC.dll
0x00007ff83b1c0000 - 0x00007ff83b1f5000 	C:\WINDOWS\SYSTEM32\amdihk64.dll
0x00007ff83f590000 - 0x00007ff83f5d9000 	C:\WINDOWS\SYSTEM32\directxdatabasehelper.dll
0x00007ff820dd0000 - 0x00007ff820e12000 	C:\Program Files\Java\jdk1.8.0_301\jre\bin\glass.dll
0x00007ff848330000 - 0x00007ff848427000 	C:\WINDOWS\System32\COMDLG32.dll
0x00007ff804130000 - 0x00007ff804269000 	C:\ProgramData\A-Volute\A-Volute.Nahimic\Modules\Scheduled\x64\AudioDevProps2.dll
0x00007ff846870000 - 0x00007ff84698e000 	C:\WINDOWS\System32\MSCTF.dll
0x00007ff845da0000 - 0x00007ff845e1b000 	C:\WINDOWS\System32\bcryptPrimitives.dll
0x00007ff839b80000 - 0x00007ff839b94000 	C:\Program Files\Java\jdk1.8.0_301\jre\bin\javafx_font.dll
0x00007ff8417f0000 - 0x00007ff841a57000 	C:\WINDOWS\SYSTEM32\dwrite.dll
0x00007ff839300000 - 0x00007ff83931c000 	C:\Program Files\Java\jdk1.8.0_301\jre\bin\net.dll
0x00007ff844fc0000 - 0x00007ff845029000 	C:\WINDOWS\system32\mswsock.dll
0x00007ff8446b0000 - 0x00007ff8447a3000 	C:\WINDOWS\SYSTEM32\DNSAPI.dll
0x00007ff844640000 - 0x00007ff84466d000 	C:\WINDOWS\SYSTEM32\IPHLPAPI.DLL
0x00007ff848320000 - 0x00007ff848329000 	C:\WINDOWS\System32\NSI.dll
0x00007ff839190000 - 0x00007ff83919a000 	C:\Windows\System32\rasadhlp.dll
0x00007ff83d690000 - 0x00007ff83d713000 	C:\WINDOWS\System32\fwpuclnt.dll

VM Arguments:
jvm_args: -Dfile.encoding=UTF-8 
java_command: main.MainGUI
java_class_path (initial): C:\Users\Karim\OneDrive\Documents\Ines\pidev\Library\fontawesomefx-8.9.jar;C:\Users\Karim\OneDrive\Documents\Ines\pidev\Library\fontawesomefx-glyphsbrowser-all-1.0.jar;C:\Users\Karim\OneDrive\Documents\Ines\pidev\Library\jfoenix-8.0.1.jar;C:\Users\Karim\OneDrive\Documents\Ines\pidev\Library\junit-4.13.2.jar;C:\Users\Karim\OneDrive\Documents\Ines\pidev\Library\mysql-connector-java-8.0.19.jar;C:\Users\Karim\OneDrive\Documents\NetBeansProjects\GestionOffreV17_2\build\classes
Launcher Type: SUN_STANDARD

Environment Variables:
JAVA_HOME=C:\Program Files\Java\jdk1.8.0_301
PATH=C:\oraclexe\app\oracle\product\10.2.0\server\bin;C:\Program Files (x86)\Common Files\Oracle\Java\javapath;C:\Windows\system32;C:\Windows;C:\Windows\System32\Wbem;C:\Windows\System32\WindowsPowerShell\v1.0\;C:\Windows\System32\OpenSSH\;C:\Program Files (x86)\NVIDIA Corporation\PhysX\Common;C:\Program Files\NVIDIA Corporation\NVIDIA NvDLISR;C:\WINDOWS\system32;C:\WINDOWS;C:\WINDOWS\System32\Wbem;C:\WINDOWS\System32\WindowsPowerShell\v1.0\;C:\WINDOWS\System32\OpenSSH\;C:\Program Files\Git\cmd;C:\Program Files (x86)\GnuWin32\bin;C:\Program Files (x86)\CodeBlocks\MinGW\bin;C:\Users\Karim\AppData\Local\Microsoft\WindowsApps;;C:\Users\Karim\AppData\Local\Programs\Microsoft VS Code\bin
USERNAME=Karim
OS=Windows_NT
PROCESSOR_IDENTIFIER=AMD64 Family 25 Model 80 Stepping 0, AuthenticAMD



---------------  S Y S T E M  ---------------

OS: Windows 10.0 , 64 bit Build 22621 (10.0.22621.1194)

CPU:total 12 (initial active 12) (12 cores per cpu, 1 threads per core) family 25 model 80 stepping 0, cmov, cx8, fxsr, mmx, sse, sse2, sse3, ssse3, sse4.1, sse4.2, popcnt, avx, avx2, aes, clmul, erms, mmxext, 3dnowpref, lzcnt, sse4a, tsc, tscinvbit, tscinv, bmi1

Memory: 4k page, physical 6139972k(193732k free), swap 25014340k(164k free)

vm_info: Java HotSpot(TM) 64-Bit Server VM (25.301-b09) for windows-amd64 JRE (1.8.0_301-b09), built on Jun  9 2021 06:46:21 by "java_re" with MS VC++ 15.9 (VS2017)

time: Tue Mar  7 21:51:42 2023
timezone: Paris, Madrid
elapsed time: 1.130961 seconds (0d 0h 0m 1s)

